"../../../Iron_Giant_SS/Content/StarterContent/Audio/Fire01.uasset" 0
"../../../Iron_Giant_SS/Content/StarterContent/Audio/Fire01_Cue.uasset" 1
"../../../Iron_Giant_SS/Content/StarterContent/Textures/T_Fire_SubUV.uasset" 2
"../../../Iron_Giant_SS/Content/StarterContent/Textures/T_Fire_Tiled_D.uasset" 3
"../../../Iron_Giant_SS/Content/StarterContent/Particles/Materials/M_Fire_SubUV.uasset" 4
"../../../Iron_Giant_SS/Content/StarterContent/Textures/T_Water_N.uasset" 5
"../../../Iron_Giant_SS/Content/StarterContent/Particles/Materials/M_Heat_Distortion.uasset" 6
"../../../Engine/Content/Functions/Engine_MaterialFunctions01/Gradient/RadialGradient.uasset" 7
"../../../Iron_Giant_SS/Content/StarterContent/Particles/Materials/M_Radial_Gradient.uasset" 8
"../../../Iron_Giant_SS/Content/StarterContent/Textures/T_Smoke_SubUV.uasset" 9
"../../../Iron_Giant_SS/Content/StarterContent/Textures/T_Smoke_Tiled_D.uasset" 10
"../../../Iron_Giant_SS/Content/StarterContent/Particles/Materials/M_smoke_subUV.uasset" 11
"../../../Iron_Giant_SS/Content/StarterContent/Particles/P_Fire.uasset" 12
"../../../Iron_Giant_SS/Content/StarterContent/Blueprints/Blueprint_Effect_Fire.uasset" 13
"../../../Iron_Giant_SS/Content/StarterContent/Audio/Smoke01.uasset" 14
"../../../Iron_Giant_SS/Content/StarterContent/Audio/Smoke01_Cue.uasset" 15
"../../../Iron_Giant_SS/Content/StarterContent/Particles/P_Smoke.uasset" 16
"../../../Iron_Giant_SS/Content/StarterContent/Blueprints/Blueprint_Effect_Smoke.uasset" 17
"../../../Iron_Giant_SS/Content/StarterContent/Audio/Fire_Sparks01.uasset" 18
"../../../Iron_Giant_SS/Content/StarterContent/Audio/Fire_Sparks01_Cue.uasset" 19
"../../../Iron_Giant_SS/Content/StarterContent/Textures/T_Spark_Core.uasset" 20
"../../../Iron_Giant_SS/Content/StarterContent/Particles/Materials/M_Spark.uasset" 21
"../../../Iron_Giant_SS/Content/StarterContent/Particles/P_Sparks.uasset" 22
"../../../Iron_Giant_SS/Content/StarterContent/Blueprints/Blueprint_Effect_Sparks.uasset" 23
"../../../Iron_Giant_SS/Content/StarterContent/Audio/Steam01.uasset" 24
"../../../Iron_Giant_SS/Content/StarterContent/Audio/Steam01_Cue.uasset" 25
"../../../Iron_Giant_SS/Content/StarterContent/Particles/P_Steam_Lit.uasset" 26
"../../../Iron_Giant_SS/Content/StarterContent/Blueprints/Blueprint_Effect_Steam.uasset" 27
"../../../Engine/Content/EditorBlueprintResources/StandardMacros.uasset" 28
"../../../Engine/Content/EngineSky/C_Sky_Cloud_Color.uasset" 29
"../../../Engine/Content/EngineSky/C_Sky_Horizon_Color.uasset" 30
"../../../Engine/Content/EngineSky/C_Sky_Zenith_Color.uasset" 31
"../../../Engine/Content/EngineSky/T_Sky_Blue.uasset" 32
"../../../Engine/Content/EngineSky/T_Sky_Clouds_M.uasset" 33
"../../../Engine/Content/EngineSky/T_Sky_Stars.uasset" 34
"../../../Engine/Content/EngineSky/SM_SkySphere.uasset" 35
"../../../Engine/Content/EngineSky/M_Sky_Panning_Clouds2.uasset" 36
"../../../Engine/Content/EngineSky/BP_Sky_Sphere.uasset" 37
"../../../Iron_Giant_SS/Content/StarterContent/Textures/T_Lamp_M.uasset" 38
"../../../Iron_Giant_SS/Content/StarterContent/Textures/T_Lamp_N.uasset" 39
"../../../Iron_Giant_SS/Content/StarterContent/Props/Materials/M_Lamp.uasset" 40
"../../../Iron_Giant_SS/Content/StarterContent/Props/SM_Lamp_Ceiling.uasset" 41
"../../../Iron_Giant_SS/Content/StarterContent/Blueprints/Blueprint_CeilingLight.uasset" 42
"../../../Iron_Giant_SS/Content/StarterContent/Props/SM_Lamp_Wall.uasset" 43
"../../../Iron_Giant_SS/Content/StarterContent/Blueprints/Blueprint_WallSconce.uasset" 44
"../../../Engine/Content/EngineFonts/RobotoDistanceField.uasset" 45
"../../../Engine/Content/Functions/Engine_MaterialFunctions03/Procedurals/ComputeFilterWidth.uasset" 46
"../../../Engine/Content/EngineMaterials/AntiAliasedTextMaterialTranslucent.uasset" 47
"../../../Engine/Content/Functions/Engine_MaterialFunctions01/Opacity/CameraDepthFade.uasset" 48
"../../../Engine/Content/EngineMaterials/T_Default_Material_Grid_M.uasset" 49
"../../../Engine/Content/EngineMaterials/T_Default_Material_Grid_N.uasset" 50
"../../../Engine/Content/EngineMaterials/WorldGridMaterial.uasset" 51
"../../../Iron_Giant_SS/Content/StarterContent/Textures/T_Brick_Clay_Beveled_D.uasset" 52
"../../../Iron_Giant_SS/Content/StarterContent/Textures/T_Brick_Clay_Beveled_M.uasset" 53
"../../../Iron_Giant_SS/Content/StarterContent/Textures/T_Brick_Clay_Beveled_N.uasset" 54
"../../../Iron_Giant_SS/Content/StarterContent/Textures/T_MacroVariation.uasset" 55
"../../../Iron_Giant_SS/Content/StarterContent/Materials/M_Brick_Clay_Beveled.uasset" 56
"../../../Iron_Giant_SS/Content/StarterContent/Textures/T_Brick_Clay_New_D.uasset" 57
"../../../Iron_Giant_SS/Content/StarterContent/Textures/T_Brick_Clay_New_M.uasset" 58
"../../../Iron_Giant_SS/Content/StarterContent/Textures/T_Brick_Clay_New_N.uasset" 59
"../../../Iron_Giant_SS/Content/StarterContent/Textures/T_Detail_Rocky_N.uasset" 60
"../../../Iron_Giant_SS/Content/StarterContent/Materials/M_Brick_Clay_New.uasset" 61
"../../../Iron_Giant_SS/Content/StarterContent/Textures/T_Brick_Clay_Old_D.uasset" 62
"../../../Iron_Giant_SS/Content/StarterContent/Textures/T_Brick_Clay_Old_N.uasset" 63
"../../../Iron_Giant_SS/Content/StarterContent/Textures/T_Perlin_Noise_M.uasset" 64
"../../../Iron_Giant_SS/Content/StarterContent/Materials/M_Brick_Clay_Old.uasset" 65
"../../../Iron_Giant_SS/Content/StarterContent/Textures/T_Brick_Cut_Stone_D.uasset" 66
"../../../Iron_Giant_SS/Content/StarterContent/Textures/T_Brick_Cut_Stone_N.uasset" 67
"../../../Iron_Giant_SS/Content/StarterContent/Materials/M_Brick_Cut_Stone.uasset" 68
"../../../Iron_Giant_SS/Content/StarterContent/Textures/T_Brick_Hewn_Stone_D.uasset" 69
"../../../Iron_Giant_SS/Content/StarterContent/Textures/T_Brick_Hewn_Stone_M.uasset" 70
"../../../Iron_Giant_SS/Content/StarterContent/Textures/T_Brick_Hewn_Stone_N.uasset" 71
"../../../Iron_Giant_SS/Content/StarterContent/Materials/M_Brick_Hewn_Stone.uasset" 72
"../../../Iron_Giant_SS/Content/StarterContent/Textures/T_Ceramic_Tile_M.uasset" 73
"../../../Iron_Giant_SS/Content/StarterContent/Textures/T_Ceramic_Tile_N.uasset" 74
"../../../Iron_Giant_SS/Content/StarterContent/Textures/T_Rock_Marble_Polished_D.uasset" 75
"../../../Iron_Giant_SS/Content/StarterContent/Materials/M_Ceramic_Tile_Checker.uasset" 76
"../../../Iron_Giant_SS/Content/StarterContent/Textures/T_CobbleStone_Pebble_D.uasset" 77
"../../../Iron_Giant_SS/Content/StarterContent/Textures/T_CobbleStone_Pebble_M.uasset" 78
"../../../Iron_Giant_SS/Content/StarterContent/Textures/T_CobbleStone_Pebble_N.uasset" 79
"../../../Iron_Giant_SS/Content/StarterContent/Materials/M_CobbleStone_Pebble.uasset" 80
"../../../Iron_Giant_SS/Content/StarterContent/Textures/T_CobbleStone_Rough_D.uasset" 81
"../../../Iron_Giant_SS/Content/StarterContent/Textures/T_CobbleStone_Rough_N.uasset" 82
"../../../Iron_Giant_SS/Content/StarterContent/Textures/T_Gradinet_01.uasset" 83
"../../../Iron_Giant_SS/Content/StarterContent/Textures/T_Rock_Smooth_Granite_D.uasset" 84
"../../../Iron_Giant_SS/Content/StarterContent/Materials/M_CobbleStone_Rough.uasset" 85
"../../../Iron_Giant_SS/Content/StarterContent/Textures/T_CobbleStone_Smooth_D.uasset" 86
"../../../Iron_Giant_SS/Content/StarterContent/Textures/T_CobbleStone_Smooth_M.uasset" 87
"../../../Iron_Giant_SS/Content/StarterContent/Textures/T_CobbleStone_Smooth_N.uasset" 88
"../../../Iron_Giant_SS/Content/StarterContent/Materials/M_CobbleStone_Smooth.uasset" 89
"../../../Iron_Giant_SS/Content/StarterContent/Textures/T_Concrete_Grime_D.uasset" 90
"../../../Iron_Giant_SS/Content/StarterContent/Textures/T_Metal_Rust_N.uasset" 91
"../../../Iron_Giant_SS/Content/StarterContent/Materials/M_Concrete_Grime.uasset" 92
"../../../Iron_Giant_SS/Content/StarterContent/Textures/T_Concrete_Panels_D.uasset" 93
"../../../Iron_Giant_SS/Content/StarterContent/Textures/T_Concrete_Panels_N.uasset" 94
"../../../Iron_Giant_SS/Content/StarterContent/Materials/M_Concrete_Panels.uasset" 95
"../../../Iron_Giant_SS/Content/StarterContent/Textures/T_Concrete_Poured_D.uasset" 96
"../../../Iron_Giant_SS/Content/StarterContent/Textures/T_Concrete_Poured_N.uasset" 97
"../../../Iron_Giant_SS/Content/StarterContent/Materials/M_Concrete_Poured.uasset" 98
"../../../Iron_Giant_SS/Content/StarterContent/Textures/T_Concrete_Tiles_D.uasset" 99
"../../../Iron_Giant_SS/Content/StarterContent/Textures/T_Concrete_Tiles_M.uasset" 100
"../../../Iron_Giant_SS/Content/StarterContent/Textures/T_Concrete_Tiles_N.uasset" 101
"../../../Iron_Giant_SS/Content/StarterContent/Textures/T_Concrete_Tiles_Variation_M.uasset" 102
"../../../Iron_Giant_SS/Content/StarterContent/Materials/M_Concrete_Tiles.uasset" 103
"../../../Iron_Giant_SS/Content/StarterContent/Textures/T_Ground_Grass_D.uasset" 104
"../../../Iron_Giant_SS/Content/StarterContent/Textures/T_Ground_Grass_N.uasset" 105
"../../../Iron_Giant_SS/Content/StarterContent/Materials/M_Ground_Grass.uasset" 106
"../../../Iron_Giant_SS/Content/StarterContent/Textures/T_Ground_Gravel_D.uasset" 107
"../../../Iron_Giant_SS/Content/StarterContent/Textures/T_Ground_Gravel_N.uasset" 108
"../../../Iron_Giant_SS/Content/StarterContent/Materials/M_Ground_Gravel.uasset" 109
"../../../Iron_Giant_SS/Content/StarterContent/Textures/T_ground_Moss_D.uasset" 110
"../../../Iron_Giant_SS/Content/StarterContent/Textures/T_Ground_Moss_N.uasset" 111
"../../../Iron_Giant_SS/Content/StarterContent/Materials/M_Ground_Moss.uasset" 112
"../../../Iron_Giant_SS/Content/StarterContent/Materials/M_Metal_Brushed_Nickel.uasset" 113
"../../../Iron_Giant_SS/Content/StarterContent/Textures/T_Metal_Aluminum_D.uasset" 114
"../../../Iron_Giant_SS/Content/StarterContent/Textures/T_Metal_Gold_N.uasset" 115
"../../../Iron_Giant_SS/Content/StarterContent/Materials/M_Metal_Burnished_Steel.uasset" 116
"../../../Iron_Giant_SS/Content/StarterContent/Materials/M_Metal_Chrome.uasset" 117
"../../../Iron_Giant_SS/Content/StarterContent/Textures/T_Metal_Copper_D.uasset" 118
"../../../Iron_Giant_SS/Content/StarterContent/Materials/M_Metal_Copper.uasset" 119
"../../../Iron_Giant_SS/Content/StarterContent/Textures/T_Metal_Gold_D.uasset" 120
"../../../Iron_Giant_SS/Content/StarterContent/Materials/M_Metal_Gold.uasset" 121
"../../../Engine/Content/Functions/Engine_MaterialFunctions02/Utility/BlendAngleCorrectedNormals.uasset" 122
"../../../Iron_Giant_SS/Content/StarterContent/Textures/T_Metal_Rust_D.uasset" 123
"../../../Iron_Giant_SS/Content/StarterContent/Materials/M_Metal_Rust.uasset" 124
"../../../Iron_Giant_SS/Content/StarterContent/Textures/T_Metal_Steel_D.uasset" 125
"../../../Iron_Giant_SS/Content/StarterContent/Textures/T_Metal_Steel_N.uasset" 126
"../../../Iron_Giant_SS/Content/StarterContent/Materials/M_Metal_Steel.uasset" 127
"../../../Iron_Giant_SS/Content/StarterContent/Textures/T_Rock_Basalt_D.uasset" 128
"../../../Iron_Giant_SS/Content/StarterContent/Textures/T_Rock_Basalt_N.uasset" 129
"../../../Iron_Giant_SS/Content/StarterContent/Materials/M_Rock_Basalt.uasset" 130
"../../../Iron_Giant_SS/Content/StarterContent/Materials/M_Rock_Marble_Polished.uasset" 131
"../../../Iron_Giant_SS/Content/StarterContent/Textures/T_Rock_Sandstone_D.uasset" 132
"../../../Iron_Giant_SS/Content/StarterContent/Textures/T_Rock_Sandstone_N.uasset" 133
"../../../Iron_Giant_SS/Content/StarterContent/Materials/M_Rock_Sandstone.uasset" 134
"../../../Iron_Giant_SS/Content/StarterContent/Textures/T_Rock_Slate_D.uasset" 135
"../../../Iron_Giant_SS/Content/StarterContent/Textures/T_Rock_Slate_N.uasset" 136
"../../../Iron_Giant_SS/Content/StarterContent/Materials/M_Rock_Slate.uasset" 137
"../../../Iron_Giant_SS/Content/StarterContent/Textures/T_Checker_Noise_M.uasset" 138
"../../../Iron_Giant_SS/Content/StarterContent/Textures/T_Single_Tile_N.uasset" 139
"../../../Iron_Giant_SS/Content/StarterContent/Textures/T_Tech_Dot_M.uasset" 140
"../../../Iron_Giant_SS/Content/StarterContent/Textures/T_Tech_Dot_N.uasset" 141
"../../../Iron_Giant_SS/Content/StarterContent/Materials/M_Tech_Checker_Dot.uasset" 142
"../../../Iron_Giant_SS/Content/StarterContent/Textures/T_Tech_Hex_Tile_M.uasset" 143
"../../../Iron_Giant_SS/Content/StarterContent/Textures/T_Tech_Hex_Tile_N.uasset" 144
"../../../Iron_Giant_SS/Content/StarterContent/Materials/M_Tech_Hex_Tile.uasset" 145
"../../../Iron_Giant_SS/Content/StarterContent/Materials/M_Tech_Hex_Tile_Pulse.uasset" 146
"../../../Iron_Giant_SS/Content/StarterContent/Textures/T_Tech_Panel_M.uasset" 147
"../../../Iron_Giant_SS/Content/StarterContent/Textures/T_Tech_Panel_N.uasset" 148
"../../../Iron_Giant_SS/Content/StarterContent/Materials/M_Tech_Panel.uasset" 149
"../../../Iron_Giant_SS/Content/StarterContent/Materials/M_Water_Lake.uasset" 150
"../../../Iron_Giant_SS/Content/StarterContent/Textures/T_Water_M.uasset" 151
"../../../Iron_Giant_SS/Content/StarterContent/Materials/M_Water_Ocean.uasset" 152
"../../../Iron_Giant_SS/Content/StarterContent/Textures/T_Wood_Floor_Walnut_D.uasset" 153
"../../../Iron_Giant_SS/Content/StarterContent/Textures/T_Wood_Floor_Walnut_M.uasset" 154
"../../../Iron_Giant_SS/Content/StarterContent/Textures/T_Wood_Floor_Walnut_N.uasset" 155
"../../../Iron_Giant_SS/Content/StarterContent/Materials/M_Wood_Floor_Walnut_Polished.uasset" 156
"../../../Engine/Content/Functions/Engine_MaterialFunctions01/Opacity/AlphaOffset.uasset" 157
"../../../Iron_Giant_SS/Content/StarterContent/Materials/M_Wood_Floor_Walnut_Worn.uasset" 158
"../../../Iron_Giant_SS/Content/StarterContent/Textures/T_Wood_Oak_D.uasset" 159
"../../../Iron_Giant_SS/Content/StarterContent/Textures/T_Wood_Oak_N.uasset" 160
"../../../Iron_Giant_SS/Content/StarterContent/Materials/M_Wood_Oak.uasset" 161
"../../../Iron_Giant_SS/Content/StarterContent/Textures/T_Wood_Pine_D.uasset" 162
"../../../Iron_Giant_SS/Content/StarterContent/Textures/T_Wood_Pine_N.uasset" 163
"../../../Iron_Giant_SS/Content/StarterContent/Materials/M_Wood_Pine.uasset" 164
"../../../Iron_Giant_SS/Content/StarterContent/Textures/T_Wood_Walnut_D.uasset" 165
"../../../Iron_Giant_SS/Content/StarterContent/Textures/T_Wood_Walnut_N.uasset" 166
"../../../Iron_Giant_SS/Content/StarterContent/Materials/M_Wood_Walnut.uasset" 167
"../../../Iron_Giant_SS/Content/StarterContent/Textures/T_Chair_M.uasset" 168
"../../../Iron_Giant_SS/Content/StarterContent/Textures/T_Chair_N.uasset" 169
"../../../Iron_Giant_SS/Content/StarterContent/Props/Materials/M_Chair.uasset" 170
"../../../Iron_Giant_SS/Content/StarterContent/Materials/M_Basic_Floor.uasset" 171
"../../../Iron_Giant_SS/Content/StarterContent/Architecture/Floor_400x400.uasset" 172
"../../../Iron_Giant_SS/Content/StarterContent/Materials/M_Basic_Wall.uasset" 173
"../../../Iron_Giant_SS/Content/StarterContent/Architecture/Wall_400x200.uasset" 174
"../../../Iron_Giant_SS/Content/StarterContent/Architecture/Wall_Door_400x300.uasset" 175
"../../../Iron_Giant_SS/Content/StarterContent/Architecture/Wall_Window_400x300.uasset" 176
"../../../Iron_Giant_SS/Content/StarterContent/Audio/Collapse01.uasset" 177
"../../../Iron_Giant_SS/Content/StarterContent/Audio/Collapse02.uasset" 178
"../../../Iron_Giant_SS/Content/StarterContent/Audio/Collapse_Cue.uasset" 179
"../../../Iron_Giant_SS/Content/StarterContent/Audio/Starter_Birds01.uasset" 180
"../../../Iron_Giant_SS/Content/StarterContent/Audio/Starter_Wind05.uasset" 181
"../../../Iron_Giant_SS/Content/StarterContent/Audio/Starter_Wind06.uasset" 182
"../../../Iron_Giant_SS/Content/StarterContent/Audio/Starter_Background_Cue.uasset" 183
"../../../Iron_Giant_SS/Content/StarterContent/Audio/Starter_Music01.uasset" 184
"../../../Iron_Giant_SS/Content/StarterContent/Audio/Starter_Music_Cue.uasset" 185
"../../../Iron_Giant_SS/Content/StarterContent/Textures/T_Dust_Particle_D.uasset" 186
"../../../Iron_Giant_SS/Content/StarterContent/Particles/Materials/M_Dust_Particle.uasset" 187
"../../../Iron_Giant_SS/Content/StarterContent/Particles/P_Ambient_Dust.uasset" 188
"../../../Iron_Giant_SS/Content/StarterContent/Props/MaterialSphere.uasset" 189
"../../../Iron_Giant_SS/Content/StarterContent/Props/SM_Chair.uasset" 190
"../../../Iron_Giant_SS/Content/StarterContent/Textures/T_Frame_M.uasset" 191
"../../../Iron_Giant_SS/Content/StarterContent/Textures/T_Frame_N.uasset" 192
"../../../Iron_Giant_SS/Content/StarterContent/Props/Materials/M_Frame.uasset" 193
"../../../Iron_Giant_SS/Content/StarterContent/Props/SM_CornerFrame.uasset" 194
"../../../Iron_Giant_SS/Content/StarterContent/Props/SM_DoorFrame.uasset" 195
"../../../Iron_Giant_SS/Content/StarterContent/Materials/M_Glass.uasset" 196
"../../../Iron_Giant_SS/Content/StarterContent/Props/SM_GlassWindow.uasset" 197
"../../../Iron_Giant_SS/Content/StarterContent/Props/SM_PillarFrame.uasset" 198
"../../../Iron_Giant_SS/Content/StarterContent/Props/SM_PillarFrame300.uasset" 199
"../../../Iron_Giant_SS/Content/StarterContent/Textures/T_Statue_M.uasset" 200
"../../../Iron_Giant_SS/Content/StarterContent/Textures/T_Statue_N.uasset" 201
"../../../Iron_Giant_SS/Content/StarterContent/Props/Materials/M_Statue.uasset" 202
"../../../Iron_Giant_SS/Content/StarterContent/Props/Materials/M_StatueGlass.uasset" 203
"../../../Iron_Giant_SS/Content/StarterContent/Props/SM_Statue.uasset" 204
"../../../Iron_Giant_SS/Content/StarterContent/Textures/T_TableRound_M.uasset" 205
"../../../Iron_Giant_SS/Content/StarterContent/Textures/T_TableRound_N.uasset" 206
"../../../Iron_Giant_SS/Content/StarterContent/Props/Materials/M_TableRound.uasset" 207
"../../../Iron_Giant_SS/Content/StarterContent/Props/SM_TableRound.uasset" 208
"../../../Iron_Giant_SS/Content/StarterContent/Props/SM_WindowFrame.uasset" 209
"../../../Iron_Giant_SS/Content/StarterContent/Shapes/Shape_Cube.uasset" 210
"../../../Iron_Giant_SS/Content/StarterContent/Shapes/Shape_QuadPyramid.uasset" 211
"../../../Iron_Giant_SS/Content/StarterContent/Shapes/Shape_Sphere.uasset" 212
"../../../Iron_Giant_SS/Content/StarterContent/Maps/StarterMap.umap" 213
"../../../Iron_Giant_SS/Content/Iron_Giant_Sprites/char_idle.uasset" 214
"../../../Iron_Giant_SS/Content/2dSideScroller/Sprites/IdleFrames/IdleCycle1.uasset" 215
"../../../Iron_Giant_SS/Content/2DSideScroller/Sprites/IdleAnimation.uasset" 216
"../../../Iron_Giant_SS/Content/2DSideScroller/Sprites/RunningAnimation.uasset" 217
"../../../Iron_Giant_SS/Content/2DSideScrollerBP/Blueprints/2DSideScrollerCharacter.uasset" 218
"../../../Iron_Giant_SS/Content/2DSideScrollerBP/Blueprints/2DSideScrollerGameMode.uasset" 219
"../../../Iron_Giant_SS/Content/2dSideScroller/Textures/2DBackgroundBlockAtlas.uasset" 220
"../../../Iron_Giant_SS/Content/2DSideScroller/Sprites/Ledge.uasset" 221
"../../../Iron_Giant_SS/Content/2DSideScrollerBP/Blueprints/Ledge_25_Blueprint.uasset" 222
"../../../Engine/Content/EngineMaterials/DefaultMaterial.uasset" 223
"../../../Engine/Content/MapTemplates/Bokeh_5Sides.uasset" 224
"../../../Engine/Content/MapTemplates/T_ScreenDirt02_w.uasset" 225
"../../../Engine/Plugins/2D/Paper2D/Content/PlaceholderTextures/DummySpriteTexture.uasset" 226
"../../../Engine/Plugins/2D/Paper2D/Content/DefaultSpriteMaterial.uasset" 227
"../../../Engine/Plugins/2D/Paper2D/Content/OpaqueUnlitSpriteMaterial.uasset" 228
"../../../Iron_Giant_SS/Content/2DSideScroller/Textures/2DBackground.uasset" 229
"../../../Iron_Giant_SS/Content/2DSideScroller/Sprites/Background_Sprite.uasset" 230
"../../../Iron_Giant_SS/Content/Iron_Giant_Sprites/platform_texture.uasset" 231
"../../../Iron_Giant_SS/Content/Iron_Giant_Sprites/platform_sprite.uasset" 232
"../../../Iron_Giant_SS/Content/2DSideScrollerBP/Maps/2DSideScrollerExampleMap.umap" 233
"../../../Engine/Content/EngineMaterials/DefaultDiffuse.uasset" 234
"../../../Engine/Content/EngineMaterials/DefaultNormal.uasset" 235
"../../../Engine/Content/Maps/Entry.umap" 236
"../../../Iron_Giant_SS/Content/StarterContent/Blueprints/Assets/FogBrightnessLUT.uasset" 237
"../../../Iron_Giant_SS/Content/StarterContent/Blueprints/Assets/SunlightColorLUT.uasset" 238
"../../../Iron_Giant_SS/Content/StarterContent/Blueprints/Assets/M_LightStage_Arrows.uasset" 239
"../../../Engine/Content/MapTemplates/Sky/DaylightAmbientCubemap.uasset" 240
"../../../Iron_Giant_SS/Content/StarterContent/Blueprints/Assets/M_LightStage_Skybox_Master.uasset" 241
"../../../Iron_Giant_SS/Content/StarterContent/Blueprints/Assets/M_LightStage_Skybox_Black.uasset" 242
"../../../Iron_Giant_SS/Content/StarterContent/Blueprints/Assets/M_LightStage_Skybox_HDRI.uasset" 243
"../../../Engine/Content/EditorMaterials/Thumbnails/SkySphereMaterial.uasset" 244
"../../../Iron_Giant_SS/Content/StarterContent/Blueprints/Assets/Skybox.uasset" 245
"../../../Iron_Giant_SS/Content/StarterContent/Blueprints/Assets/SM_Arrows.uasset" 246
"../../../Iron_Giant_SS/Content/StarterContent/HDRI/HDRI_Epic_Courtyard_Daylight.uasset" 247
"../../../Iron_Giant_SS/Content/StarterContent/Blueprints/BP_LightStudio.uasset" 248
"../../../Iron_Giant_SS/Content/StarterContent/Materials/M_AssetPlatform.uasset" 249
"../../../Engine/Content/EditorMeshes/ColorCalibrator/M_ChromeBall.uasset" 250
"../../../Engine/Content/EditorMeshes/ColorCalibrator/M_ClearCoat.uasset" 251
"../../../Engine/Content/EditorMeshes/ColorCalibrator/M_ClearCoatBlack.uasset" 252
"../../../Engine/Content/EditorMeshes/ColorCalibrator/T_ColorGrid.uasset" 253
"../../../Engine/Content/EditorMeshes/ColorCalibrator/M_ColorGrid.uasset" 254
"../../../Engine/Content/EditorMeshes/ColorCalibrator/M_GreyBall.uasset" 255
"../../../Engine/Content/EditorMeshes/ColorCalibrator/SM_ColorCalibrator.uasset" 256
"../../../Iron_Giant_SS/Content/StarterContent/Architecture/SM_AssetPlatform.uasset" 257
"../../../Iron_Giant_SS/Content/StarterContent/Maps/Advanced_Lighting.umap" 258
"../../../Iron_Giant_SS/Content/StarterContent/Maps/Minimal_Default.umap" 259
"../../../Engine/Content/EditorResources/S_Actor.uasset" 260
"../../../Engine/Content/Maps/Templates/Thumbnails/Default.uasset" 261
"../../../Engine/Content/EditorMaterials/ParticleSystems/PSysThumbnail_NoImage.uasset" 262
"../../../Engine/Content/EditorMaterials/ParticleSystems/PSysThumbnail_OOD.uasset" 263
"../../../Engine/Content/EditorLandscapeResources/DataLayer.uasset" 264
"../../../Engine/Content/EngineFonts/Roboto.uasset" 265
"../../../Engine/Content/Functions/Engine_MaterialFunctions01/Shading/PowerToRoughness.uasset" 266
"../../../Engine/Content/Functions/Engine_MaterialFunctions01/Shading/ConvertFromDiffSpec.uasset" 267
"../../../Engine/Content/EngineMaterials/DefaultDeferredDecalMaterial.uasset" 268
"../../../Engine/Content/EngineMaterials/DefaultLightFunctionMaterial.uasset" 269
"../../../Engine/Content/Functions/Engine_MaterialFunctions02/Utility/BreakOutFloat2Components.uasset" 270
"../../../Engine/Content/EngineMaterials/DefaultPostProcessMaterial.uasset" 271
"../../../Engine/Content/EngineResources/DefaultTexture.uasset" 272
"../../../Engine/Content/Functions/Engine_MaterialFunctions02/Texturing/ScreenAlignedUVs.uasset" 273
"../../../Engine/Content/EngineResources/WhiteSquareTexture.uasset" 274
"../../../Engine/Content/EngineMaterials/Widget3DPassThrough.uasset" 275
"../../../Engine/Content/EngineMaterials/Widget3DPassThrough_Translucent.uasset" 276
"../../../Engine/Content/EngineMaterials/Widget3DPassThrough_Translucent_OneSided.uasset" 277
"../../../Engine/Content/EngineMaterials/Widget3DPassThrough_Opaque.uasset" 278
"../../../Engine/Content/EngineMaterials/Widget3DPassThrough_Opaque_OneSided.uasset" 279
"../../../Engine/Content/EngineMaterials/Widget3DPassThrough_Masked.uasset" 280
"../../../Engine/Content/EngineMaterials/Widget3DPassThrough_Masked_OneSided.uasset" 281
"../../../Engine/Content/EngineDamageTypes/DmgTypeBP_Environmental.uasset" 282
"../../../Engine/Content/EngineMeshes/Sphere.uasset" 283
"../../../Engine/Content/EngineMaterials/DefaultTextMaterialOpaque.uasset" 284
"../../../Engine/Content/EditorResources/S_Trigger.uasset" 285
"../../../Engine/Content/EngineResources/GradientTexture0.uasset" 286
"../../../Engine/Content/EngineResources/Black.uasset" 287
"../../../Engine/Content/EditorMaterials/MatineeGroups/MAT_Groups_Float.uasset" 288
"../../../Engine/Content/EditorMaterials/MatineeGroups/MAT_Groups_Director.uasset" 289
"../../../Engine/Content/EditorMaterials/MatineeGroups/MAT_Groups_Event.uasset" 290
"../../../Engine/Content/EditorMaterials/MatineeGroups/MAT_Groups_Anim.uasset" 291
"../../../Engine/Content/EditorMaterials/MatineeGroups/MAT_Groups_Fade.uasset" 292
"../../../Engine/Content/EditorMaterials/MatineeGroups/MAT_Groups_Move.uasset" 293
"../../../Engine/Content/EditorMaterials/MatineeGroups/MAT_Groups_Slomo.uasset" 294
"../../../Engine/Content/EditorMaterials/MatineeGroups/MAT_ColorTrack.uasset" 295
"../../../Engine/Content/EditorMaterials/MAT_Groups_Toggle.uasset" 296
"../../../Engine/Content/EditorMaterials/MatineeGroups/MAT_Groups_AudioMaster.uasset" 297
"../../../Engine/Content/EditorMaterials/MatineeGroups/MAT_Groups_Sound.uasset" 298
"../../../Engine/Content/EditorMaterials/MatineeGroups/MAT_Groups_Vector.uasset" 299
"../../../Engine/Content/EditorMaterials/MAT_Groups_Visibility.uasset" 300
"../../../Engine/Content/EngineResources/DefaultTextureCube.uasset" 301
"../../../Engine/Content/EngineMeshes/Cylinder.uasset" 302
"../../../Engine/Content/EngineTireTypes/DefaultTireType.uasset" 303
"../../../Engine/Content/EngineResources/AICON-Red.uasset" 304
"../../../Engine/Content/EngineResources/AICON-Green.uasset" 305
"../../../Engine/Content/Tutorial/Basics/LevelEditorAttract.uasset" 306
"../../../Engine/Content/Tutorial/Basics/TutorialAssets/icon_tab_Levels_40x.uasset" 307
"../../../Engine/Content/Tutorial/Basics/LevelEditorOverview.uasset" 308
"../../../Engine/Content/Tutorial/BlueprintTutorials/TutorialAssets/Blueprint_64x.uasset" 309
"../../../Engine/Content/Tutorial/InWorldBlueprintEditing/IWBE_Tutorial_Part3.uasset" 310
"../../../Engine/Content/Tutorial/InWorldBlueprintEditing/IWBE_Tutorial_Part2.uasset" 311
"../../../Engine/Content/Tutorial/InWorldBlueprintEditing/IWBE_Tutorial.uasset" 312
"../../../Engine/Content/Tutorial/Paper2D/TutorialAssets/Paper2DSprite_TutorialIcon.uasset" 313
"../../../Engine/Content/Tutorial/Paper2D/SpriteEditorTutorial.uasset" 314
"../../../Engine/Content/Tutorial/Paper2D/TutorialAssets/Paper2DFlipbook_TutorialIcon.uasset" 315
"../../../Engine/Content/Tutorial/Paper2D/FlipbookEditorTutorial.uasset" 316
"../../../Engine/Content/Tutorial/BlueprintTutorials/BlueprintEditorTutorial.uasset" 317
"../../../Engine/Content/Tutorial/ContentIntroCurve.uasset" 318
"../../../Engine/Plugins/2D/Paper2D/Content/MaskedUnlitSpriteMaterial.uasset" 319
"../../../Engine/Plugins/2D/Paper2D/Content/DummySpriteTexture.uasset" 320
"../../../Engine/Plugins/2D/Paper2D/Content/DummySprite.uasset" 321
"../../../Engine/Plugins/2D/Paper2D/Content/DefaultPaperTerrainMaterial.uasset" 322
"../../../Engine/Plugins/Runtime/LeapMotionController/Content/LM_CapsuleMesh.uasset" 323
"../../../Engine/Plugins/Runtime/LeapMotionController/Content/LM_TorusMesh.uasset" 324
"../../../Engine/Plugins/Runtime/LeapMotionController/Content/LM_HandColor.uasset" 325
"../../../Engine/Plugins/Runtime/LeapMotionController/Content/LM_SampleDistortion.uasset" 326
"../../../Engine/Plugins/Runtime/LeapMotionController/Content/LM_TestTexture.uasset" 327
"../../../Engine/Plugins/Runtime/LeapMotionController/Content/LM_PassthroughMaterial.uasset" 328
"../../../Engine/Content/BasicShapes/Cube.uasset" 329
"../../../Engine/Content/EngineMaterials/RemoveSurfaceMaterial.uasset" 330
"../../../Engine/Content/EngineDebugMaterials/DebugMeshMaterial.uasset" 331
"../../../Engine/Content/EngineMaterials/InvalidLightmapSettings.uasset" 332
"../../../Engine/Content/EngineMaterials/M_InvalidLightmapSettings.uasset" 333
"../../../Engine/Content/EditorMaterials/GizmoMaterial.uasset" 334
"../../../Engine/Content/EngineMaterials/Good64x64TilingNoiseHighFreq.uasset" 335
"../../../Engine/Content/EngineMaterials/DefaultBokeh.uasset" 336
"../../../Engine/Content/EngineMaterials/PreintegratedSkinBRDF.uasset" 337
"../../../Engine/Content/EngineMaterials/MiniFont.uasset" 338
"../../../Engine/Content/EngineMaterials/WeightMapPlaceholderTexture.uasset" 339
"../../../Engine/Content/EngineMaterials/DefaultWhiteGrid.uasset" 340
"../../../Engine/Content/EngineMaterials/DefaultPhysicalMaterial.uasset" 341
"../../../Engine/Content/EngineFonts/RobotoTiny.uasset" 342
"../../../Engine/Content/EditorResources/AudioIcons/S_AudioComponent_AutoActivate.uasset" 343
"../../../Engine/Content/EditorResources/EmptyActor.uasset" 344
"../../../Engine/Content/MobileResources/HUD/AnalogHat.uasset" 345
"../../../Engine/Content/MobileResources/HUD/MobileHUDButton1_off.uasset" 346
"../../../Engine/Content/MobileResources/HUD/MobileHUDDirectionPad.uasset" 347
"../../../Engine/Content/MobileResources/HUD/T_Castle_ThumbstickOutter.uasset" 348
"../../../Iron_Giant_SS/Content/2dSideScroller/Textures/2DBackgroundTile.uasset" 349
"../../../Iron_Giant_SS/Content/2dSideScroller/Materials/PrototypingSpriteMaterial.uasset" 350
"../../../Iron_Giant_SS/Content/2DSideScroller/Sprites/PrototypingSprite.uasset" 351
"../../../Iron_Giant_SS/Content/StarterContent/Materials/M_ColorGrid_LowSpec.uasset" 352
"../../../Iron_Giant_SS/Content/StarterContent/Audio/Explosion01.uasset" 353
"../../../Iron_Giant_SS/Content/StarterContent/Audio/Explosion02.uasset" 354
"../../../Iron_Giant_SS/Content/StarterContent/Audio/Explosion_Cue.uasset" 355
"../../../Iron_Giant_SS/Content/StarterContent/Textures/T_Burst_M.uasset" 356
"../../../Iron_Giant_SS/Content/StarterContent/Particles/Materials/M_Burst.uasset" 357
"../../../Iron_Giant_SS/Content/StarterContent/Textures/T_Explosion_SubUV.uasset" 358
"../../../Iron_Giant_SS/Content/StarterContent/Particles/Materials/M_explosion_subUV.uasset" 359
"../../../Iron_Giant_SS/Content/StarterContent/Particles/Materials/m_flare_01.uasset" 360
"../../../Iron_Giant_SS/Content/StarterContent/Particles/Materials/M_radial_ramp.uasset" 361
"../../../Iron_Giant_SS/Content/StarterContent/Particles/P_Explosion.uasset" 362
"../../../Iron_Giant_SS/Content/StarterContent/Blueprints/Blueprint_Effect_Explosion.uasset" 363
"../../../Iron_Giant_SS/Content/StarterContent/Audio/Light02.uasset" 364
"../../../Iron_Giant_SS/Content/StarterContent/Audio/Light02_Cue.uasset" 365
"../../../Iron_Giant_SS/Content/StarterContent/Audio/Light01.uasset" 366
"../../../Iron_Giant_SS/Content/StarterContent/Audio/Light01_Cue.uasset" 367
"../../../Engine/Content/MobileResources/HUD/VirtualJoystick_Background.uasset" 368
"../../../Engine/Content/MobileResources/HUD/VirtualJoystick_Thumb.uasset" 369
"../../../Engine/Content/MobileResources/HUD/LeftVirtualJoystickOnly.uasset" 370
"../../../Engine/Content/MobileResources/HUD/DefaultVirtualJoysticks.uasset" 371
"../../../Engine/Content/MobileResources/T_MobileControls_texture.uasset" 372
"../../../Iron_Giant_SS/Content/StarterContent/Shapes/Shape_Plane.uasset" 373
"../../../Iron_Giant_SS/Content/StarterContent/Shapes/Shape_Pipe_90.uasset" 374
"../../../Iron_Giant_SS/Content/StarterContent/Shapes/Shape_Pipe_180.uasset" 375
"../../../Iron_Giant_SS/Content/StarterContent/Shapes/Shape_Pipe.uasset" 376
"../../../Iron_Giant_SS/Content/StarterContent/Shapes/Shape_NarrowCapsule.uasset" 377
"../../../Iron_Giant_SS/Content/StarterContent/Shapes/Shape_Cylinder.uasset" 378
"../../../Iron_Giant_SS/Content/StarterContent/Shapes/Shape_Cone.uasset" 379
"../../../Iron_Giant_SS/Content/2DSideScrollerBP/2DSideScrollerOverview.uasset" 380
"../../../Iron_Giant_SS/Content/StarterContent/Props/SM_Stairs.uasset" 381
"../../../Iron_Giant_SS/Content/StarterContent/Textures/T_Shelf_M.uasset" 382
"../../../Iron_Giant_SS/Content/StarterContent/Textures/T_Shelf_N.uasset" 383
"../../../Iron_Giant_SS/Content/StarterContent/Props/Materials/M_Shelf.uasset" 384
"../../../Iron_Giant_SS/Content/StarterContent/Props/SM_Shelf.uasset" 385
"../../../Iron_Giant_SS/Content/StarterContent/Textures/T_RockMesh_M.uasset" 386
"../../../Iron_Giant_SS/Content/StarterContent/Textures/T_RockMesh_N.uasset" 387
"../../../Iron_Giant_SS/Content/StarterContent/Props/Materials/M_Rock.uasset" 388
"../../../Iron_Giant_SS/Content/StarterContent/Props/SM_Rock.uasset" 389
"../../../Iron_Giant_SS/Content/StarterContent/Props/Materials/M_MaterialSphere.uasset" 390
"../../../Iron_Giant_SS/Content/StarterContent/Props/Materials/M_MaterialSphere_Plain.uasset" 391
"../../../Iron_Giant_SS/Content/StarterContent/Props/SM_MatPreviewMesh_02.uasset" 392
"../../../Iron_Giant_SS/Content/StarterContent/Textures/T_Door_M.uasset" 393
"../../../Iron_Giant_SS/Content/StarterContent/Textures/T_Door_N.uasset" 394
"../../../Iron_Giant_SS/Content/StarterContent/Props/Materials/M_Door.uasset" 395
"../../../Iron_Giant_SS/Content/StarterContent/Props/SM_Door.uasset" 396
"../../../Iron_Giant_SS/Content/StarterContent/Props/SM_Couch.uasset" 397
"../../../Iron_Giant_SS/Content/StarterContent/Textures/T_Bush_D.uasset" 398
"../../../Iron_Giant_SS/Content/StarterContent/Textures/T_Bush_N.uasset" 399
"../../../Iron_Giant_SS/Content/StarterContent/Props/Materials/M_Bush.uasset" 400
"../../../Iron_Giant_SS/Content/StarterContent/Props/SM_Bush.uasset" 401
"../../../Iron_Giant_SS/Content/2DSideScrollerBP/Blueprints/Actor_Blueprint.uasset" 402
"../../../Iron_Giant_SS/Content/2dSideScroller/Textures/2DCharacter_IdleAnimAtlas.uasset" 403
"../../../Iron_Giant_SS/Content/2DSideScroller/Textures/2DCharacter_IdleAnimAtlas_Sprite_17.uasset" 404
"../../../Engine/Plugins/2D/Paper2D/Content/TranslucentUnlitSpriteMaterial.uasset" 405
"../../../Iron_Giant_SS/Content/2DSideScroller/Textures/2DCharacter_IdleAnimAtlas_Sprite_11.uasset" 406
"../../../Iron_Giant_SS/Content/2DSideScroller/Textures/2DCharacter_IdleAnimAtlas_Sprite_10.uasset" 407
"../../../Iron_Giant_SS/Content/2DSideScroller/Textures/2DCharacter_IdleAnimAtlas_Sprite_0.uasset" 408
"../../../Iron_Giant_SS/Content/StarterContent/Shapes/Shape_WideCapsule.uasset" 409
"../../../Iron_Giant_SS/Content/StarterContent/Shapes/Shape_Wedge_B.uasset" 410
"../../../Iron_Giant_SS/Content/StarterContent/Shapes/Shape_Wedge_A.uasset" 411
"../../../Iron_Giant_SS/Content/StarterContent/Shapes/Shape_Tube.uasset" 412
"../../../Iron_Giant_SS/Content/StarterContent/Shapes/Shape_TriPyramid.uasset" 413
"../../../Iron_Giant_SS/Content/StarterContent/Shapes/Shape_Trim_90_Out.uasset" 414
"../../../Iron_Giant_SS/Content/StarterContent/Shapes/Shape_Trim_90_In.uasset" 415
"../../../Iron_Giant_SS/Content/StarterContent/Shapes/Shape_Trim.uasset" 416
"../../../Iron_Giant_SS/Content/StarterContent/Shapes/Shape_Torus.uasset" 417
"../../../Iron_Giant_SS/Content/2DSideScroller/Textures/2DCharacter_RunAnimAtlas.uasset" 418
"../../../Iron_Giant_SS/Content/2DSideScroller/Sprites/RunFrames/RunCycle_4.uasset" 419
"../../../Iron_Giant_SS/Content/2DSideScroller/Sprites/RunFrames/RunCycle_3.uasset" 420
"../../../Iron_Giant_SS/Content/2DSideScroller/Sprites/RunFrames/RunCycle_2.uasset" 421
"../../../Iron_Giant_SS/Content/2DSideScroller/Sprites/RunFrames/RunCycle_16.uasset" 422
"../../../Iron_Giant_SS/Content/2DSideScroller/Sprites/RunFrames/RunCycle_15.uasset" 423
"../../../Iron_Giant_SS/Content/2DSideScroller/Sprites/RunFrames/RunCycle_14.uasset" 424
"../../../Iron_Giant_SS/Content/2DSideScroller/Sprites/RunFrames/RunCycle_13.uasset" 425
"../../../Iron_Giant_SS/Content/2DSideScroller/Sprites/RunFrames/RunCycle_12.uasset" 426
"../../../Iron_Giant_SS/Content/2DSideScroller/Sprites/RunFrames/RunCycle_11.uasset" 427
"../../../Iron_Giant_SS/Content/2DSideScroller/Sprites/RunFrames/RunCycle_10.uasset" 428
"../../../Iron_Giant_SS/Content/2DSideScroller/Sprites/RunFrames/RunCycle_1.uasset" 429
"../../../Iron_Giant_SS/Content/2DSideScroller/Sprites/IdleFrames/IdleCycle8.uasset" 430
"../../../Iron_Giant_SS/Content/2DSideScroller/Sprites/IdleFrames/IdleCycle7.uasset" 431
"../../../Iron_Giant_SS/Content/2DSideScroller/Sprites/IdleFrames/IdleCycle6.uasset" 432
"../../../Iron_Giant_SS/Content/2DSideScroller/Sprites/IdleFrames/IdleCycle5.uasset" 433
"../../../Iron_Giant_SS/Content/2DSideScroller/Sprites/IdleFrames/IdleCycle4.uasset" 434
"../../../Iron_Giant_SS/Content/2DSideScroller/Sprites/IdleFrames/IdleCycle3.uasset" 435
"../../../Iron_Giant_SS/Content/2DSideScroller/Sprites/IdleFrames/IdleCycle2.uasset" 436
"../../../Iron_Giant_SS/Content/2DSideScroller/Sprites/IdleFrames/char_idle.uasset" 437
"../../../Engine/Content/EditorResources/LightIcons/S_LightError.uasset" 438
"../../../Engine/Content/MobileResources/HUD/MobileHUDDirectionStick.uasset" 439
"../../../Engine/Content/MobileResources/HUD/MobileHUDButton3.uasset" 440
"../../../Engine/Content/MobileResources/HUD/MobileHUDButton1_on.uasset" 441
"../../../Engine/Content/MobileResources/HUD/MobileHUDButton2_on.uasset" 442
"../../../Engine/Content/MobileResources/HUD/MobileHUDDirectionPad2.uasset" 443
"../../../Iron_Giant_SS/Content/2DSideScroller/Sprites/RunFrames/RunCycle_7.uasset" 444
"../../../Iron_Giant_SS/Content/2DSideScroller/Sprites/RunFrames/RunCycle_6.uasset" 445
"../../../Iron_Giant_SS/Content/2DSideScroller/Sprites/RunFrames/RunCycle_5.uasset" 446
"../../../Engine/Content/MobileResources/HUD/T_Castle_ThumbstickInner.uasset" 447
"../../../Iron_Giant_SS/Content/2DSideScroller/Sprites/RunFrames/RunCycle_8.uasset" 448
"../../../Engine/Content/MobileResources/HUD/MobileHUDDirectionPad3.uasset" 449
"../../../Engine/Content/MobileResources/HUD/MobileHUDButton2_off.uasset" 450
"../../../Iron_Giant_SS/Content/2DSideScroller/Sprites/RunFrames/RunCycle_9.uasset" 451
"../../../Engine/Content/MobileResources/HUD/MobileHUDButtonFire.uasset" 452
"../../../Engine/Content/EditorMaterials/PhAT_JointLimitMaterial.uasset" 453
"../../../Engine/Content/EditorMaterials/PreviewShadowIndicator.uasset" 454
"../../../Engine/Content/EditorMaterials/PreviewShadowIndicatorMaterial.uasset" 455
"../../../Engine/Content/EditorResources/BSPVertex.uasset" 456
"../../../Engine/Content/EditorResources/AudioIcons/S_AudioComponent.uasset" 457
"../../../Engine/Content/EngineDebugMaterials/HeatmapGradient.uasset" 458
"../../../Engine/Content/EngineDebugMaterials/BoneWeightMaterial.uasset" 459
"../../../Engine/Content/EngineDebugMaterials/GeomMaterial.uasset" 460
"../../../Engine/Content/EngineMaterials/EditorBrushMaterial.uasset" 461
"../../../Engine/Content/MobileResources/T_MobileMenu2.uasset" 462
"../../../Engine/Content/Tutorial/BlueprintTutorials/TutorialAssets/BlueprintInterface_64x.uasset" 463
"../../../Engine/Content/Tutorial/BlueprintTutorials/TutorialAssets/Tutorial_BP_Interface.uasset" 464
"../../../Engine/Content/Tutorial/BlueprintTutorials/BlueprintInterfacesEditorOverview.uasset" 465
"../../../Engine/Content/Tutorial/BlueprintTutorials/TutorialAssets/BlueprintMacroLibrary_64x.uasset" 466
"../../../Engine/Content/Tutorial/BlueprintTutorials/TutorialAssets/Tutorial_BP_MacroLib.uasset" 467
"../../../Engine/Content/Tutorial/BlueprintTutorials/BlueprintMacroLibrariesEditorOverview.uasset" 468
"../../../Engine/Content/Tutorial/BlueprintTutorials/LevelBlueprintEditorOverview.uasset" 469
"../../../Engine/Content/Tutorial/Foliage/TutorialAssets/Foliage.uasset" 470
"../../../Engine/Content/Tutorial/Foliage/Foliage_Settings_Tutorial.uasset" 471
"../../../Engine/Content/Tutorial/Foliage/Foliage_Using_The_Tool_Tutorial.uasset" 472
"../../../Engine/Content/Tutorial/Foliage/Foliage_Intro_Tutorial.uasset" 473
"../../../Engine/Content/Tutorial/Landscape/TutorialAssets/Landscape.uasset" 474
"../../../Engine/Content/Tutorial/Landscape/Landscape_Painting_Mode.uasset" 475
"../../../Engine/Content/Tutorial/Landscape/Landscape_Sculpt_Mode.uasset" 476
"../../../Engine/Content/Tutorial/Landscape/Landscape_Manage_Mode.uasset" 477
"../../../Engine/Content/EditorMeshes/EditorCube.uasset" 478
"../../../Engine/Content/Tutorial/SubEditors/TutorialAssets/Tutorial_DM.uasset" 479
"../../../Engine/Content/Tutorial/SubEditors/DestructibleMeshEditorTutorial.uasset" 480
"../../../Engine/Content/Tutorial/SubEditors/TutorialAssets/TutorialMaterial.uasset" 481
"../../../Engine/Content/Tutorial/SubEditors/MaterialEditorTutorial.uasset" 482
"../../../Engine/Content/Tutorial/SubEditors/TutorialAssets/T_SmokeSubUV_8X8.uasset" 483
"../../../Engine/Content/Tutorial/SubEditors/TutorialAssets/T_soft_smoke.uasset" 484
"../../../Engine/Content/Tutorial/SubEditors/TutorialAssets/M_smoke_subUV_blackbody.uasset" 485
"../../../Engine/Content/Tutorial/SubEditors/TutorialAssets/TutorialParticleSystem.uasset" 486
"../../../Engine/Content/Tutorial/SubEditors/ParticleSystemEditorTutorial.uasset" 487
"../../../Engine/Content/Tutorial/SubEditors/TutorialAssets/icon_ShowSkeletalMeshes_40x.uasset" 488
"../../../Engine/Content/Tutorial/SubEditors/TutorialAssets/Character/TutorialTPP_Mat.uasset" 489
"../../../Engine/Content/Tutorial/SubEditors/TutorialAssets/Character/TutorialTPP_PhysicsAsset.uasset" 490
"../../../Engine/Content/Tutorial/SubEditors/TutorialAssets/Character/TutorialTPP.uasset" 491
"../../../Engine/Content/Tutorial/SubEditors/TutorialAssets/Character/TutorialTPP_Skeleton.uasset" 492
"../../../Engine/Content/Tutorial/SubEditors/TutorialAssets/Character/Tutorial_Idle.uasset" 493
"../../../Engine/Content/Tutorial/SubEditors/TutorialAssets/Character/Tutorial_Walk_Fwd.uasset" 494
"../../../Engine/Content/Tutorial/SubEditors/TutorialAssets/Character/NewBlendSpace1D.uasset" 495
"../../../Engine/Content/Tutorial/SubEditors/TutorialAssets/Character/TutorialCharacter.uasset" 496
"../../../Engine/Content/Tutorial/SubEditors/TutorialAssets/Character/TutorialTPP_AnimBlueprint.uasset" 497
"../../../Engine/Content/Tutorial/SubEditors/PersonaAnimBlueprintEditorWalkthrough.uasset" 498
"../../../Engine/Content/Tutorial/SubEditors/PersonaAnimEditorWalkthrough.uasset" 499
"../../../Engine/Content/EngineMeshes/Cube.uasset" 500
"../../../Engine/Content/Tutorial/SubEditors/StaticMeshEditorTutorial.uasset" 501
"../../../Engine/Content/Tutorial/SubEditors/TutorialAssets/icon_Editor_Preferences_General_40x.uasset" 502
"../../../Iron_Giant_SS/Content/StarterContent/Architecture/Pillar_50x500.uasset" 503
"../../../Iron_Giant_SS/Content/StarterContent/Architecture/Wall_400x300.uasset" 504
"../../../Iron_Giant_SS/Content/StarterContent/Architecture/Wall_400x400.uasset" 505
"../../../Iron_Giant_SS/Content/StarterContent/Architecture/Wall_500x500.uasset" 506
"../../../Iron_Giant_SS/Content/StarterContent/Architecture/Wall_Door_400x400.uasset" 507
"../../../Iron_Giant_SS/Content/StarterContent/Architecture/Wall_Window_400x400.uasset" 508
