"E:/Documents/Coding Projects/UE4/Iron_Giant_SS 4.10/Iron_Giant_SS.uproject" 1
"../../../Engine/Plugins/2D/Paper2D/Paper2D.uplugin" 2
"../../../Engine/Plugins/Blendables/LightPropagationVolume/LightPropagationVolume.uplugin" 3
"../../../Engine/Plugins/Developer/BlankPlugin/BlankPlugin.uplugin" 4
"../../../Engine/Plugins/Developer/CodeLiteSourceCodeAccess/CodeLiteSourceCodeAccess.uplugin" 5
"../../../Engine/Plugins/Developer/GitSourceControl/GitSourceControl.uplugin" 6
"../../../Engine/Plugins/Developer/KDevelopSourceCodeAccess/KDevelopSourceCodeAccess.uplugin" 7
"../../../Engine/Plugins/Developer/NullSourceCodeAccess/NullSourceCodeAccess.uplugin" 8
"../../../Engine/Plugins/Developer/OneSkyLocalizationService/OneSkyLocalizationService.uplugin" 9
"../../../Engine/Plugins/Developer/PerforceSourceControl/PerforceSourceControl.uplugin" 10
"../../../Engine/Plugins/Developer/SubversionSourceControl/SubversionSourceControl.uplugin" 11
"../../../Engine/Plugins/Developer/UObjectPlugin/UObjectPlugin.uplugin" 12
"../../../Engine/Plugins/Developer/VisualStudioSourceCodeAccess/VisualStudioSourceCodeAccess.uplugin" 13
"../../../Engine/Plugins/Developer/XCodeSourceCodeAccess/XCodeSourceCodeAccess.uplugin" 14
"../../../Engine/Plugins/Editor/EpicSurvey/EpicSurvey.uplugin" 15
"../../../Engine/Plugins/Editor/MacGraphicsSwitching/MacGraphicsSwitching.uplugin" 16
"../../../Engine/Plugins/Editor/PluginBrowser/PluginBrowser.uplugin" 17
"../../../Engine/Plugins/Editor/SpeedTreeImporter/SpeedTreeImporter.uplugin" 18
"../../../Engine/Plugins/Experimental/BlueprintStats/BlueprintStats.uplugin" 19
"../../../Engine/Plugins/Experimental/CharacterAI/CharacterAI.uplugin" 20
"../../../Engine/Plugins/Experimental/CodeEditor/CodeEditor.uplugin" 21
"../../../Engine/Plugins/Experimental/CodeView/CodeView.uplugin" 22
"../../../Engine/Plugins/Experimental/HTML5Networking/HTML5Networking.uplugin" 23
"../../../Engine/Plugins/Experimental/LiveEditor/LiveEditor.uplugin" 24
"../../../Engine/Plugins/Experimental/Phya/Phya.uplugin" 25
"../../../Engine/Plugins/Experimental/SimpleHMD/SimpleHMD.uplugin" 26
"../../../Engine/Plugins/Experimental/StructBox/StructBox.uplugin" 27
"../../../Engine/Plugins/Media/AndroidMedia/AndroidMedia.uplugin" 28
"../../../Engine/Plugins/Media/AvfMedia/AvfMedia.uplugin" 29
"../../../Engine/Plugins/Media/MediaPlayerEditor/MediaPlayerEditor.uplugin" 30
"../../../Engine/Plugins/Media/WmfMedia/WmfMedia.uplugin" 31
"../../../Engine/Plugins/Messaging/MessagingDebugger/MessagingDebugger.uplugin" 32
"../../../Engine/Plugins/Messaging/UdpMessaging/UdpMessaging.uplugin" 33
"../../../Engine/Plugins/MovieScene/LevelSequenceEditor/LevelSequenceEditor.uplugin" 34
"../../../Engine/Plugins/NetcodeUnitTest/NetcodeUnitTest/NetcodeUnitTest.uplugin" 35
"../../../Engine/Plugins/NetcodeUnitTest/NUTUnrealEngine4/NUTUnrealEngine4.uplugin" 36
"../../../Engine/Plugins/Runtime/Advertising/IOSTapJoy/IOSTapJoy.uplugin" 37
"../../../Engine/Plugins/Runtime/Analytics/AnalyticsBlueprintLibrary/AnalyticsBlueprintLibrary.uplugin" 38
"../../../Engine/Plugins/Runtime/Analytics/AnalyticsMulticast/AnalyticsMulticast.uplugin" 39
"../../../Engine/Plugins/Runtime/Analytics/Apsalar/IOSApsalar/IOSApsalar.uplugin" 40
"../../../Engine/Plugins/Runtime/Analytics/FileLogging/FileLogging.uplugin" 41
"../../../Engine/Plugins/Runtime/Analytics/Flurry/IOSFlurry/IOSFlurry.uplugin" 42
"../../../Engine/Plugins/Runtime/AndroidDeviceProfileSelector/AndroidDeviceProfileSelector.uplugin" 43
"../../../Engine/Plugins/Runtime/AndroidMoviePlayer/AndroidMoviePlayer.uplugin" 44
"../../../Engine/Plugins/Runtime/AppleMoviePlayer/AppleMoviePlayer.uplugin" 45
"../../../Engine/Plugins/Runtime/ArchVisCharacter/ArchVisCharacter.uplugin" 46
"../../../Engine/Plugins/Runtime/CableComponent/CableComponent.uplugin" 47
"../../../Engine/Plugins/Runtime/CustomMeshComponent/CustomMeshComponent.uplugin" 48
"../../../Engine/Plugins/Runtime/ExampleDeviceProfileSelector/ExampleDeviceProfileSelector.uplugin" 49
"../../../Engine/Plugins/Runtime/GearVR/GearVR.uplugin" 50
"../../../Engine/Plugins/Runtime/IOSDeviceProfileSelector/IOSDeviceProfileSelector.uplugin" 51
"../../../Engine/Plugins/Runtime/LeapMotionController/LeapMotionController.uplugin" 52
"../../../Engine/Plugins/Runtime/LinuxDeviceProfileSelector/LinuxDeviceProfileSelector.uplugin" 53
"../../../Engine/Plugins/Runtime/LiveEditorListenServer/LiveEditorListenServer.uplugin" 54
"../../../Engine/Plugins/Runtime/OculusAudio/OculusAudio.uplugin" 55
"../../../Engine/Plugins/Runtime/OculusInput/OculusInput.uplugin" 56
"../../../Engine/Plugins/Runtime/OculusLibrary/OculusLibrary.uplugin" 57
"../../../Engine/Plugins/Runtime/OculusRift/OculusRift.uplugin" 58
"../../../Engine/Plugins/Runtime/ProceduralMeshComponent/ProceduralMeshComponent.uplugin" 59
"../../../Engine/Plugins/Runtime/SoundMod/SoundMod.uplugin" 60
"../../../Engine/Plugins/Runtime/SoundVisualizations/SoundVisualizations.uplugin" 61
"../../../Engine/Plugins/Runtime/Steam/SteamController/SteamController.uplugin" 62
"../../../Engine/Plugins/Runtime/Steam/SteamVR/SteamVR.uplugin" 63
"../../../Engine/Plugins/Runtime/WebBrowserWidget/WebBrowserWidget.uplugin" 64
"../../../Engine/Plugins/Runtime/WindowsDeviceProfileSelector/WindowsDeviceProfileSelector.uplugin" 65
"../../../Engine/Plugins/Runtime/WindowsMoviePlayer/WindowsMoviePlayer.uplugin" 66
"../../../Engine/Plugins/ScriptGeneratorPlugin/ScriptGeneratorPlugin.uplugin" 67
"../../../Engine/Plugins/ScriptPlugin/ScriptPlugin.uplugin" 68
"../../../Engine/Plugins/Slate/SlateRemote/SlateRemote.uplugin" 69
"..\..\..\Engine\Content\Internationalization\icudt53l\cnvalias.icu" 70
"..\..\..\Engine\Content\Internationalization\icudt53l\en_US_POSIX.res" 71
"..\..\..\Engine\Content\Internationalization\icudt53l\pool.res" 72
"..\..\..\Engine\Content\Internationalization\icudt53l\en_US.res" 73
"..\..\..\Engine\Content\Internationalization\icudt53l\en.res" 74
"..\..\..\Engine\Content\Internationalization\icudt53l\root.res" 75
"C:/Users/temp/AppData/Local/UnrealEngine/4.10/Saved/Config/Windows/Manifest.ini" 76
"../../../Engine/Config/Base.ini" 77
"../../../Engine/Config/BaseEngine.ini" 78
"E:/Documents/Coding Projects/UE4/Iron_Giant_SS 4.10/Config/DefaultEngine.ini" 79
"../../../Engine/Config/Windows/WindowsEngine.ini" 80
"E:/Documents/Coding Projects/UE4/Iron_Giant_SS 4.10/Saved/Config/Windows/Engine.ini" 81
"E:/Documents/Coding Projects/UE4/Iron_Giant_SS 4.10/Intermediate/Config/CoalescedSourceConfigs/Engine.ini" 82
"../../../Engine/Config/BaseGame.ini" 83
"E:/Documents/Coding Projects/UE4/Iron_Giant_SS 4.10/Config/DefaultGame.ini" 84
"E:/Documents/Coding Projects/UE4/Iron_Giant_SS 4.10/Saved/Config/Windows/Game.ini" 85
"E:/Documents/Coding Projects/UE4/Iron_Giant_SS 4.10/Intermediate/Config/CoalescedSourceConfigs/Game.ini" 86
"../../../Engine/Config/BaseInput.ini" 87
"E:/Documents/Coding Projects/UE4/Iron_Giant_SS 4.10/Config/DefaultInput.ini" 88
"E:/Documents/Coding Projects/UE4/Iron_Giant_SS 4.10/Saved/Config/Windows/Input.ini" 89
"E:/Documents/Coding Projects/UE4/Iron_Giant_SS 4.10/Intermediate/Config/CoalescedSourceConfigs/Input.ini" 90
"../../../Engine/Config/BaseEditor.ini" 91
"E:/Documents/Coding Projects/UE4/Iron_Giant_SS 4.10/Config/DefaultEditor.ini" 92
"E:/Documents/Coding Projects/UE4/Iron_Giant_SS 4.10/Saved/Config/Windows/Editor.ini" 93
"E:/Documents/Coding Projects/UE4/Iron_Giant_SS 4.10/Intermediate/Config/CoalescedSourceConfigs/Editor.ini" 94
"../../../Engine/Config/BaseEditorPerProjectUserSettings.ini" 95
"E:/Documents/Coding Projects/UE4/Iron_Giant_SS 4.10/Config/DefaultEditorPerProjectUserSettings.ini" 96
"E:/Documents/Coding Projects/UE4/Iron_Giant_SS 4.10/Saved/Config/Windows/EditorPerProjectUserSettings.ini" 97
"E:/Documents/Coding Projects/UE4/Iron_Giant_SS 4.10/Intermediate/Config/CoalescedSourceConfigs/EditorPerProjectUserSettings.ini" 98
"../../../Engine/Config/BaseEditorSettings.ini" 99
"C:/Users/temp/AppData/Local/UnrealEngine/4.10/Saved/Config/Windows/EditorSettings.ini" 100
"E:/Documents/Coding Projects/UE4/Iron_Giant_SS 4.10/Intermediate/Config/CoalescedSourceConfigs/EditorSettings.ini" 101
"../../../Engine/Config/BaseEditorLayout.ini" 102
"C:/Users/temp/AppData/Local/UnrealEngine/4.10/Saved/Config/Windows/EditorLayout.ini" 103
"E:/Documents/Coding Projects/UE4/Iron_Giant_SS 4.10/Intermediate/Config/CoalescedSourceConfigs/EditorLayout.ini" 104
"../../../Engine/Config/BaseEditorKeyBindings.ini" 105
"C:/Users/temp/AppData/Local/UnrealEngine/4.10/Saved/Config/Windows/EditorKeyBindings.ini" 106
"E:/Documents/Coding Projects/UE4/Iron_Giant_SS 4.10/Intermediate/Config/CoalescedSourceConfigs/EditorKeyBindings.ini" 107
"../../../Engine/Config/BaseCompat.ini" 108
"E:/Documents/Coding Projects/UE4/Iron_Giant_SS 4.10/Saved/Config/Windows/Compat.ini" 109
"E:/Documents/Coding Projects/UE4/Iron_Giant_SS 4.10/Intermediate/Config/CoalescedSourceConfigs/Compat.ini" 110
"../../../Engine/Config/BaseLightmass.ini" 111
"E:/Documents/Coding Projects/UE4/Iron_Giant_SS 4.10/Saved/Config/Windows/Lightmass.ini" 112
"E:/Documents/Coding Projects/UE4/Iron_Giant_SS 4.10/Intermediate/Config/CoalescedSourceConfigs/Lightmass.ini" 113
"../../../Engine/Config/BaseScalability.ini" 114
"E:/Documents/Coding Projects/UE4/Iron_Giant_SS 4.10/Saved/Config/Windows/Scalability.ini" 115
"E:/Documents/Coding Projects/UE4/Iron_Giant_SS 4.10/Intermediate/Config/CoalescedSourceConfigs/Scalability.ini" 116
"E:/Documents/Coding Projects/UE4/Iron_Giant_SS 4.10/Saved/Config/Windows/GameUserSettings.ini" 117
"E:/Documents/Coding Projects/UE4/Iron_Giant_SS 4.10/Intermediate/Config/CoalescedSourceConfigs/GameUserSettings.ini" 118
"../../../Engine/Config/BaseDeviceProfiles.ini" 119
"E:/Documents/Coding Projects/UE4/Iron_Giant_SS 4.10/Saved/Config/Windows/DeviceProfiles.ini" 120
"E:/Documents/Coding Projects/UE4/Iron_Giant_SS 4.10/Intermediate/Config/CoalescedSourceConfigs/DeviceProfiles.ini" 121
"../../../Engine/Config/ConsoleVariables.ini" 122
"..\..\..\Engine\Content\Internationalization\icudt53l\es.res" 123
"..\..\..\Engine\Content\Internationalization\icudt53l\ja.res" 124
"..\..\..\Engine\Content\Internationalization\icudt53l\ko.res" 125
"..\..\..\Engine\Content\Internationalization\icudt53l\pt_BR.res" 126
"..\..\..\Engine\Content\Internationalization\icudt53l\pt.res" 127
"..\..\..\Engine\Content\Internationalization\icudt53l\zh_CN.res" 128
"..\..\..\Engine\Content\Internationalization\icudt53l\zh_Hans_CN.res" 129
"..\..\..\Engine\Content\Internationalization\icudt53l\zh_Hans.res" 130
"..\..\..\Engine\Content\Internationalization\icudt53l\zh.res" 131
"F:/UE4/Epic Games/4.10/Engine/Content/Localization/Editor/en/Editor.locres" 132
"F:/UE4/Epic Games/4.10/Engine/Content/Localization/EditorTutorials/en/EditorTutorials.locres" 133
"F:/UE4/Epic Games/4.10/Engine/Content/Localization/Keywords/en/Keywords.locres" 134
"F:/UE4/Epic Games/4.10/Engine/Content/Localization/Category/en/Category.locres" 135
"F:/UE4/Epic Games/4.10/Engine/Content/Localization/ToolTips/en/ToolTips.locres" 136
"F:/UE4/Epic Games/4.10/Engine/Content/Localization/PropertyNames/en/PropertyNames.locres" 137
"F:/UE4/Epic Games/4.10/Engine/Content/Localization/Engine/en/Engine.locres" 138
"../../../Engine/Content/Slate/Fonts/Roboto-Regular.ttf" 139
"../../../Engine/Content/Slate/Fonts/DroidSansMono.ttf" 140
"../../../Engine/Content/Slate/Fonts/Roboto-Bold.ttf" 141
"../../../Engine/Content/Slate/Fonts/Roboto-Light.ttf" 142
"F:/UE4/Epic Games/4.10/Engine/Binaries/Win64/../../../Engine/Shaders/ParticleSpriteVertexFactory.usf" 143
"F:/UE4/Epic Games/4.10/Engine/Binaries/Win64/../../../Engine/Shaders/VertexFactoryCommon.usf" 144
"F:/UE4/Epic Games/4.10/Engine/Binaries/Win64/../../../Engine/Shaders/Common.usf" 145
"F:/UE4/Epic Games/4.10/Engine/Binaries/Win64/../../../Engine/Shaders/MetalCommon.usf" 146
"F:/UE4/Epic Games/4.10/Engine/Binaries/Win64/../../../Engine/Shaders/ShaderVersion.usf" 147
"F:/UE4/Epic Games/4.10/Engine/Binaries/Win64/../../../Engine/Shaders/CommonViewUniformBuffer.usf" 148
"F:/UE4/Epic Games/4.10/Engine/Binaries/Win64/../../../Engine/Shaders/Definitions.usf" 149
"F:/UE4/Epic Games/4.10/Engine/Binaries/Win64/../../../Engine/Shaders/Random.usf" 150
"F:/UE4/Epic Games/4.10/Engine/Binaries/Win64/../../../Engine/Shaders/ParticleVertexFactoryCommon.usf" 151
"F:/UE4/Epic Games/4.10/Engine/Binaries/Win64/../../../Engine/Shaders/ParticleGPUSpriteVertexFactory.usf" 152
"F:/UE4/Epic Games/4.10/Engine/Binaries/Win64/../../../Engine/Shaders/ParticleBeamTrailVertexFactory.usf" 153
"F:/UE4/Epic Games/4.10/Engine/Binaries/Win64/../../../Engine/Shaders/LocalVertexFactory.usf" 154
"F:/UE4/Epic Games/4.10/Engine/Binaries/Win64/../../../Engine/Shaders/LocalVertexFactoryCommon.usf" 155
"F:/UE4/Epic Games/4.10/Engine/Binaries/Win64/../../../Engine/Shaders/VectorFieldVisualizationVertexFactory.usf" 156
"F:/UE4/Epic Games/4.10/Engine/Binaries/Win64/../../../Engine/Shaders/MeshParticleVertexFactory.usf" 157
"F:/UE4/Epic Games/4.10/Engine/Binaries/Win64/../../../Engine/Shaders/GpuSkinVertexFactory.usf" 158
"F:/UE4/Epic Games/4.10/Engine/Binaries/Win64/../../../Engine/Shaders/GpuSkinCacheCommon.usf" 159
"F:/UE4/Epic Games/4.10/Engine/Binaries/Win64/../../../Engine/Shaders/LandscapeVertexFactory.usf" 160
"F:/UE4/Epic Games/4.10/Engine/Binaries/Win64/../../../Engine/Shaders/SlateElementPixelShader.usf" 161
"F:/UE4/Epic Games/4.10/Engine/Binaries/Win64/../../../Engine/Shaders/GammaCorrectionCommon.usf" 162
"F:/UE4/Epic Games/4.10/Engine/Binaries/Win64/../../../Engine/Shaders/MaterialTemplate.usf" 163
"F:/UE4/Epic Games/4.10/Engine/Binaries/Win64/../../../Engine/Shaders/DepthOfFieldCommon.usf" 164
"F:/UE4/Epic Games/4.10/Engine/Binaries/Win64/../../../Engine/Shaders/GlobalDistanceFieldShared.usf" 165
"F:/UE4/Epic Games/4.10/Engine/Binaries/Win64/../../../Engine/Shaders/SpeedTreeCommon.usf" 166
"F:/UE4/Epic Games/4.10/Engine/Binaries/Win64/../../../Engine/Shaders/AtmosphereCommon.usf" 167
"F:/UE4/Epic Games/4.10/Engine/Binaries/Win64/../../../Engine/Shaders/PaniniProjection.usf" 168
"F:/UE4/Epic Games/4.10/Engine/Binaries/Win64/../../../Engine/Shaders/EyeAdaptationCommon.usf" 169
"F:/UE4/Epic Games/4.10/Engine/Binaries/Win64/../../../Engine/Shaders/PostProcessCommon.usf" 170
"F:/UE4/Epic Games/4.10/Engine/Binaries/Win64/../../../Engine/Shaders/DeferredShadingCommon.usf" 171
"F:/UE4/Epic Games/4.10/Engine/Binaries/Win64/../../../Engine/Shaders/LightAccumulator.usf" 172
"F:/UE4/Epic Games/4.10/Engine/Binaries/Win64/../../../Engine/Shaders/SlateVertexShader.usf" 173
"F:/UE4/Epic Games/4.10/Engine/Binaries/Win64/../../../Engine/Shaders/ParticleSortKeyGen.usf" 174
"F:/UE4/Epic Games/4.10/Engine/Binaries/Win64/../../../Engine/Shaders/ParticleBoundsShader.usf" 175
"F:/UE4/Epic Games/4.10/Engine/Binaries/Win64/../../../Engine/Shaders/ParticleSimVisualizeShader.usf" 176
"F:/UE4/Epic Games/4.10/Engine/Binaries/Win64/../../../Engine/Shaders/ParticleInjectionShader.usf" 177
"F:/UE4/Epic Games/4.10/Engine/Binaries/Win64/../../../Engine/Shaders/ParticleSimulationShader.usf" 178
"F:/UE4/Epic Games/4.10/Engine/Binaries/Win64/../../../Engine/Shaders/ParticleCurveInjectionShader.usf" 179
"F:/UE4/Epic Games/4.10/Engine/Binaries/Win64/../../../Engine/Shaders/VectorFieldCompositeShaders.usf" 180
"F:/UE4/Epic Games/4.10/Engine/Binaries/Win64/../../../Engine/Shaders/UpdateTextureShaders.usf" 181
"F:/UE4/Epic Games/4.10/Engine/Binaries/Win64/../../../Engine/Shaders/SimpleElementColorChannelMaskPixelShader.usf" 182
"F:/UE4/Epic Games/4.10/Engine/Binaries/Win64/../../../Engine/Shaders/SimpleElementPixelShader.usf" 183
"F:/UE4/Epic Games/4.10/Engine/Binaries/Win64/../../../Engine/Shaders/ColorUtils.usf" 184
"F:/UE4/Epic Games/4.10/Engine/Binaries/Win64/../../../Engine/Shaders/IESLightProfilesCommon.usf" 185
"F:/UE4/Epic Games/4.10/Engine/Binaries/Win64/../../../Engine/Shaders/SimpleElementHitProxyPixelShader.usf" 186
"F:/UE4/Epic Games/4.10/Engine/Binaries/Win64/../../../Engine/Shaders/SimpleElementVertexShader.usf" 187
"F:/UE4/Epic Games/4.10/Engine/Binaries/Win64/../../../Engine/Shaders/ScreenVertexShader.usf" 188
"F:/UE4/Epic Games/4.10/Engine/Binaries/Win64/../../../Engine/Shaders/ScreenPixelShader.usf" 189
"F:/UE4/Epic Games/4.10/Engine/Binaries/Win64/../../../Engine/Shaders/RadixSortShaders.usf" 190
"F:/UE4/Epic Games/4.10/Engine/Binaries/Win64/../../../Engine/Shaders/GpuSkinCacheComputeShader.usf" 191
"F:/UE4/Epic Games/4.10/Engine/Binaries/Win64/../../../Engine/Shaders/NullPixelShader.usf" 192
"F:/UE4/Epic Games/4.10/Engine/Binaries/Win64/../../../Engine/Shaders/LandscapeGrassWeight.usf" 193
"F:/UE4/Epic Games/4.10/Engine/Binaries/Win64/../../../Engine/Shaders/SimpleElementTexture2DPreviewPixelShader.usf" 194
"F:/UE4/Epic Games/4.10/Engine/Binaries/Win64/../../../Engine/Shaders/SimpleElementNormalMapPixelShader.usf" 195
"F:/UE4/Epic Games/4.10/Engine/Binaries/Win64/../../../Engine/Shaders/meshpaintdilatepixelshader.usf" 196
"F:/UE4/Epic Games/4.10/Engine/Binaries/Win64/../../../Engine/Shaders/meshpaintdilatevertexshader.usf" 197
"F:/UE4/Epic Games/4.10/Engine/Binaries/Win64/../../../Engine/Shaders/MeshPaintPixelShader.usf" 198
"F:/UE4/Epic Games/4.10/Engine/Binaries/Win64/../../../Engine/Shaders/MeshPaintVertexShader.usf" 199
"F:/UE4/Epic Games/4.10/Engine/Binaries/Win64/../../../Engine/Shaders/VisualizeTexture.usf" 200
"F:/UE4/Epic Games/4.10/Engine/Binaries/Win64/../../../Engine/Shaders/ScreenSpaceReflections.usf" 201
"F:/UE4/Epic Games/4.10/Engine/Binaries/Win64/../../../Engine/Shaders/BRDF.usf" 202
"F:/UE4/Epic Games/4.10/Engine/Binaries/Win64/../../../Engine/Shaders/MonteCarlo.usf" 203
"F:/UE4/Epic Games/4.10/Engine/Binaries/Win64/../../../Engine/Shaders/ScreenSpaceRayCast.usf" 204
"F:/UE4/Epic Games/4.10/Engine/Binaries/Win64/../../../Engine/Shaders/FilterVertexShader.usf" 205
"F:/UE4/Epic Games/4.10/Engine/Binaries/Win64/../../../Engine/Shaders/FilterPixelShader.usf" 206
"F:/UE4/Epic Games/4.10/Engine/Binaries/Win64/../../../Engine/Shaders/PostProcessVisualizeHDR.usf" 207
"F:/UE4/Epic Games/4.10/Engine/Binaries/Win64/../../../Engine/Shaders/PostProcessHistogramCommon.usf" 208
"F:/UE4/Epic Games/4.10/Engine/Binaries/Win64/../../../Engine/Shaders/TonemapCommon.usf" 209
"F:/UE4/Epic Games/4.10/Engine/Binaries/Win64/../../../Engine/Shaders/ACES.usf" 210
"F:/UE4/Epic Games/4.10/Engine/Binaries/Win64/../../../Engine/Shaders/MiniFontCommon.usf" 211
"F:/UE4/Epic Games/4.10/Engine/Binaries/Win64/../../../Engine/Shaders/PostProcessVisualizeBuffer.usf" 212
"F:/UE4/Epic Games/4.10/Engine/Binaries/Win64/../../../Engine/Shaders/PostProcessUpscale.usf" 213
"F:/UE4/Epic Games/4.10/Engine/Binaries/Win64/../../../Engine/Shaders/PostProcessTonemap.usf" 214
"F:/UE4/Epic Games/4.10/Engine/Binaries/Win64/../../../Engine/Shaders/PostProcessTestImage.usf" 215
"F:/UE4/Epic Games/4.10/Engine/Binaries/Win64/../../../Engine/Shaders/PostProcessTemporalAA.usf" 216
"F:/UE4/Epic Games/4.10/Engine/Binaries/Win64/../../../Engine/Shaders/PostProcessTemporalCommon.usf" 217
"F:/UE4/Epic Games/4.10/Engine/Binaries/Win64/../../../Engine/Shaders/PostProcessSubsurface.usf" 218
"F:/UE4/Epic Games/4.10/Engine/Binaries/Win64/../../../Engine/Shaders/SeparableSSS.usf" 219
"F:/UE4/Epic Games/4.10/Engine/Binaries/Win64/../../../Engine/Shaders/PostProcessSelectionOutline.usf" 220
"F:/UE4/Epic Games/4.10/Engine/Binaries/Win64/../../../Engine/Shaders/PostProcessSceneColorFringe.usf" 221
"F:/UE4/Epic Games/4.10/Engine/Binaries/Win64/../../../Engine/Shaders/PostProcessNoiseBlur.usf" 222
"F:/UE4/Epic Games/4.10/Engine/Binaries/Win64/../../../Engine/Shaders/PostProcessMotionBlur.usf" 223
"F:/UE4/Epic Games/4.10/Engine/Binaries/Win64/../../../Engine/Shaders/FastMath.usf" 224
"F:/UE4/Epic Games/4.10/Engine/Binaries/Win64/../../../Engine/Shaders/PostProcessVelocityFlatten.usf" 225
"F:/UE4/Epic Games/4.10/Engine/Binaries/Win64/../../../Engine/Shaders/PostProcessMobile.usf" 226
"F:/UE4/Epic Games/4.10/Engine/Binaries/Win64/../../../Engine/Shaders/PostProcessMaterialShaders.usf" 227
"F:/UE4/Epic Games/4.10/Engine/Binaries/Win64/../../../Engine/Shaders/PostProcessLensFlares.usf" 228
"F:/UE4/Epic Games/4.10/Engine/Binaries/Win64/../../../Engine/Shaders/PostProcessLensBlur.usf" 229
"F:/UE4/Epic Games/4.10/Engine/Binaries/Win64/../../../Engine/Shaders/PostProcessBloom.usf" 230
"F:/UE4/Epic Games/4.10/Engine/Binaries/Win64/../../../Engine/Shaders/PostProcessHMD.usf" 231
"F:/UE4/Epic Games/4.10/Engine/Binaries/Win64/../../../Engine/Shaders/PostProcessHistogramReduce.usf" 232
"F:/UE4/Epic Games/4.10/Engine/Binaries/Win64/../../../Engine/Shaders/PostProcessHistogram.usf" 233
"F:/UE4/Epic Games/4.10/Engine/Binaries/Win64/../../../Engine/Shaders/PostProcessHierarchical.usf" 234
"F:/UE4/Epic Games/4.10/Engine/Binaries/Win64/../../../Engine/Shaders/PostProcessGBufferHints.usf" 235
"F:/UE4/Epic Games/4.10/Engine/Binaries/Win64/../../../Engine/Shaders/PostProcessEyeAdaptation.usf" 236
"F:/UE4/Epic Games/4.10/Engine/Binaries/Win64/../../../Engine/Shaders/PostProcessDownsample.usf" 237
"F:/UE4/Epic Games/4.10/Engine/Binaries/Win64/../../../Engine/Shaders/PostProcessDOF.usf" 238
"F:/UE4/Epic Games/4.10/Engine/Binaries/Win64/../../../Engine/Shaders/PostProcessCompositeEditorPrimitives.usf" 239
"F:/UE4/Epic Games/4.10/Engine/Binaries/Win64/../../../Engine/Shaders/PostProcessCombineLUTs.usf" 240
"F:/UE4/Epic Games/4.10/Engine/Binaries/Win64/../../../Engine/Shaders/PostProcessCircleDOF.usf" 241
"F:/UE4/Epic Games/4.10/Engine/Binaries/Win64/../../../Engine/Shaders/CircleDOFCommon.usf" 242
"F:/UE4/Epic Games/4.10/Engine/Binaries/Win64/../../../Engine/Shaders/PostProcessBusyWait.usf" 243
"F:/UE4/Epic Games/4.10/Engine/Binaries/Win64/../../../Engine/Shaders/PostProcessBokehDOF.usf" 244
"F:/UE4/Epic Games/4.10/Engine/Binaries/Win64/../../../Engine/Shaders/PostProcessVisualizeDOF.usf" 245
"F:/UE4/Epic Games/4.10/Engine/Binaries/Win64/../../../Engine/Shaders/FXAAShader.usf" 246
"F:/UE4/Epic Games/4.10/Engine/Binaries/Win64/../../../Engine/Shaders/Fxaa3_11.usf" 247
"F:/UE4/Epic Games/4.10/Engine/Binaries/Win64/../../../Engine/Shaders/PostProcessPassThrough.usf" 248
"F:/UE4/Epic Games/4.10/Engine/Binaries/Win64/../../../Engine/Shaders/PostProcessLpvIndirect.usf" 249
"F:/UE4/Epic Games/4.10/Engine/Binaries/Win64/../../../Engine/Shaders/DeferredLightingCommon.usf" 250
"F:/UE4/Epic Games/4.10/Engine/Binaries/Win64/../../../Engine/Shaders/DynamicLightingCommon.usf" 251
"F:/UE4/Epic Games/4.10/Engine/Binaries/Win64/../../../Engine/Shaders/ShadingModels.usf" 252
"F:/UE4/Epic Games/4.10/Engine/Binaries/Win64/../../../Engine/Shaders/LPVFinalPass.usf" 253
"F:/UE4/Epic Games/4.10/Engine/Binaries/Win64/../../../Engine/Shaders/LPVCommon.usf" 254
"F:/UE4/Epic Games/4.10/Engine/Binaries/Win64/../../../Engine/Shaders/DeferredDecal.usf" 255
"F:/UE4/Epic Games/4.10/Engine/Binaries/Win64/../../../Engine/Shaders/PostProcessAmbientOcclusion.usf" 256
"F:/UE4/Epic Games/4.10/Engine/Binaries/Win64/../../../Engine/Shaders/PostProcessAmbient.usf" 257
"F:/UE4/Epic Games/4.10/Engine/Binaries/Win64/../../../Engine/Shaders/CubemapCommon.usf" 258
"F:/UE4/Epic Games/4.10/Engine/Binaries/Win64/../../../Engine/Shaders/VelocityShader.usf" 259
"F:/UE4/Epic Games/4.10/Engine/Binaries/Win64/../../../Engine/Shaders/VelocityCommon.usf" 260
"F:/UE4/Epic Games/4.10/Engine/Binaries/Win64/../../../Engine/Shaders/Tessellation.usf" 261
"F:/UE4/Epic Games/4.10/Engine/Binaries/Win64/../../../Engine/Shaders/FlatTessellation.usf" 262
"F:/UE4/Epic Games/4.10/Engine/Binaries/Win64/../../../Engine/Shaders/PNTriangles.usf" 263
"F:/UE4/Epic Games/4.10/Engine/Binaries/Win64/../../../Engine/Shaders/TranslucentLightingShaders.usf" 264
"F:/UE4/Epic Games/4.10/Engine/Binaries/Win64/../../../Engine/Shaders/SHCommon.usf" 265
"F:/UE4/Epic Games/4.10/Engine/Binaries/Win64/../../../Engine/Shaders/ShadowProjectionCommon.usf" 266
"F:/UE4/Epic Games/4.10/Engine/Binaries/Win64/../../../Engine/Shaders/TranslucentLightInjectionShaders.usf" 267
"F:/UE4/Epic Games/4.10/Engine/Binaries/Win64/../../../Engine/Shaders/LightFunctionCommon.usf" 268
"F:/UE4/Epic Games/4.10/Engine/Binaries/Win64/../../../Engine/Shaders/TranslucentShadowDepthShaders.usf" 269
"F:/UE4/Epic Games/4.10/Engine/Binaries/Win64/../../../Engine/Shaders/ShadowDepthCommon.usf" 270
"F:/UE4/Epic Games/4.10/Engine/Binaries/Win64/../../../Engine/Shaders/TiledDeferredLightShaders.usf" 271
"F:/UE4/Epic Games/4.10/Engine/Binaries/Win64/../../../Engine/Shaders/SurfelTree.usf" 272
"F:/UE4/Epic Games/4.10/Engine/Binaries/Win64/../../../Engine/Shaders/DistanceFieldLightingShared.usf" 273
"F:/UE4/Epic Games/4.10/Engine/Binaries/Win64/../../../Engine/Shaders/SurfelMaterialShared.usf" 274
"F:/UE4/Epic Games/4.10/Engine/Binaries/Win64/../../../Engine/Shaders/DistanceFieldAOShared.usf" 275
"F:/UE4/Epic Games/4.10/Engine/Binaries/Win64/../../../Engine/Shaders/ShadowProjectionPixelShader.usf" 276
"F:/UE4/Epic Games/4.10/Engine/Binaries/Win64/../../../Engine/Shaders/ShadowFilteringCommon.usf" 277
"F:/UE4/Epic Games/4.10/Engine/Binaries/Win64/../../../Engine/Shaders/ShadowProjectionVertexShader.usf" 278
"F:/UE4/Epic Games/4.10/Engine/Binaries/Win64/../../../Engine/Shaders/ShadowDepthPixelShader.usf" 279
"F:/UE4/Epic Games/4.10/Engine/Binaries/Win64/../../../Engine/Shaders/LPVWriteVplCommon.usf" 280
"F:/UE4/Epic Games/4.10/Engine/Binaries/Win64/../../../Engine/Shaders/LPVWriteCommon.usf" 281
"F:/UE4/Epic Games/4.10/Engine/Binaries/Win64/../../../Engine/Shaders/ShadowDepthVertexShader.usf" 282
"F:/UE4/Epic Games/4.10/Engine/Binaries/Win64/../../../Engine/Shaders/ShaderComplexityApplyPixelShader.usf" 283
"F:/UE4/Epic Games/4.10/Engine/Binaries/Win64/../../../Engine/Shaders/ShaderComplexityApplyVertexShader.usf" 284
"F:/UE4/Epic Games/4.10/Engine/Binaries/Win64/../../../Engine/Shaders/ShaderComplexityAccumulatePixelShader.usf" 285
"F:/UE4/Epic Games/4.10/Engine/Binaries/Win64/../../../Engine/Shaders/HZBOcclusion.usf" 286
"F:/UE4/Epic Games/4.10/Engine/Binaries/Win64/../../../Engine/Shaders/OcclusionQueryVertexShader.usf" 287
"F:/UE4/Epic Games/4.10/Engine/Binaries/Win64/../../../Engine/Shaders/HitProxyPixelShader.usf" 288
"F:/UE4/Epic Games/4.10/Engine/Binaries/Win64/../../../Engine/Shaders/HitProxyVertexShader.usf" 289
"F:/UE4/Epic Games/4.10/Engine/Binaries/Win64/../../../Engine/Shaders/ReflectionEnvironmentShaders.usf" 290
"F:/UE4/Epic Games/4.10/Engine/Binaries/Win64/../../../Engine/Shaders/ReflectionEnvironmentShared.usf" 291
"F:/UE4/Epic Games/4.10/Engine/Binaries/Win64/../../../Engine/Shaders/SkyLightingShared.usf" 292
"F:/UE4/Epic Games/4.10/Engine/Binaries/Win64/../../../Engine/Shaders/ReflectionEnvironmentComputeShaders.usf" 293
"F:/UE4/Epic Games/4.10/Engine/Binaries/Win64/../../../Engine/Shaders/LightShaftShader.usf" 294
"F:/UE4/Epic Games/4.10/Engine/Binaries/Win64/../../../Engine/Shaders/StationaryLightOverlapShaders.usf" 295
"F:/UE4/Epic Games/4.10/Engine/Binaries/Win64/../../../Engine/Shaders/DeferredLightPixelShaders.usf" 296
"F:/UE4/Epic Games/4.10/Engine/Binaries/Win64/../../../Engine/Shaders/DeferredLightVertexShaders.usf" 297
"F:/UE4/Epic Games/4.10/Engine/Binaries/Win64/../../../Engine/Shaders/LPVVisualise.usf" 298
"F:/UE4/Epic Games/4.10/Engine/Binaries/Win64/../../../Engine/Shaders/LPVGeometryVolumeCommon.usf" 299
"F:/UE4/Epic Games/4.10/Engine/Binaries/Win64/../../../Engine/Shaders/LPVDirectLightInject.usf" 300
"F:/UE4/Epic Games/4.10/Engine/Binaries/Win64/../../../Engine/Shaders/LPVPropagate.usf" 301
"F:/UE4/Epic Games/4.10/Engine/Binaries/Win64/../../../Engine/Shaders/LPVPacking.usf" 302
"F:/UE4/Epic Games/4.10/Engine/Binaries/Win64/../../../Engine/Shaders/LPVBuildGeometryVolume.usf" 303
"F:/UE4/Epic Games/4.10/Engine/Binaries/Win64/../../../Engine/Shaders/LpvDirectionalOcclusion.usf" 304
"F:/UE4/Epic Games/4.10/Engine/Binaries/Win64/../../../Engine/Shaders/LPVInject_AccumulateVplLists.usf" 305
"F:/UE4/Epic Games/4.10/Engine/Binaries/Win64/../../../Engine/Shaders/LPVInject_GenerateVplLists.usf" 306
"F:/UE4/Epic Games/4.10/Engine/Binaries/Win64/../../../Engine/Shaders/LPVClearLists.usf" 307
"F:/UE4/Epic Games/4.10/Engine/Binaries/Win64/../../../Engine/Shaders/LPVClear.usf" 308
"F:/UE4/Epic Games/4.10/Engine/Binaries/Win64/../../../Engine/Shaders/LightMapDensityShader.usf" 309
"F:/UE4/Epic Games/4.10/Engine/Binaries/Win64/../../../Engine/Shaders/LightFunctionPixelShader.usf" 310
"F:/UE4/Epic Games/4.10/Engine/Binaries/Win64/../../../Engine/Shaders/LightFunctionVertexShader.usf" 311
"F:/UE4/Epic Games/4.10/Engine/Binaries/Win64/../../../Engine/Shaders/HeightfieldLighting.usf" 312
"F:/UE4/Epic Games/4.10/Engine/Binaries/Win64/../../../Engine/Shaders/DistanceFieldShadowingShared.usf" 313
"F:/UE4/Epic Games/4.10/Engine/Binaries/Win64/../../../Engine/Shaders/HdrCustomResolveShaders.usf" 314
"F:/UE4/Epic Games/4.10/Engine/Binaries/Win64/../../../Engine/Shaders/GPUBenchmark.usf" 315
"F:/UE4/Epic Games/4.10/Engine/Binaries/Win64/../../../Engine/Shaders/GlobalDistanceField.usf" 316
"F:/UE4/Epic Games/4.10/Engine/Binaries/Win64/../../../Engine/Shaders/GammaCorrection.usf" 317
"F:/UE4/Epic Games/4.10/Engine/Binaries/Win64/../../../Engine/Shaders/BasePassForForwardShadingPixelShader.usf" 318
"F:/UE4/Epic Games/4.10/Engine/Binaries/Win64/../../../Engine/Shaders/BasePassForForwardShadingCommon.usf" 319
"F:/UE4/Epic Games/4.10/Engine/Binaries/Win64/../../../Engine/Shaders/LightmapCommon.usf" 320
"F:/UE4/Epic Games/4.10/Engine/Binaries/Win64/../../../Engine/Shaders/BasePassForForwardShadingVertexShader.usf" 321
"F:/UE4/Epic Games/4.10/Engine/Binaries/Win64/../../../Engine/Shaders/HeightFogCommon.usf" 322
"F:/UE4/Epic Games/4.10/Engine/Binaries/Win64/../../../Engine/Shaders/HeightFogPixelShader.usf" 323
"F:/UE4/Epic Games/4.10/Engine/Binaries/Win64/../../../Engine/Shaders/HeightFogVertexShader.usf" 324
"F:/UE4/Epic Games/4.10/Engine/Binaries/Win64/../../../Engine/Shaders/DistortAccumulatePS.usf" 325
"F:/UE4/Epic Games/4.10/Engine/Binaries/Win64/../../../Engine/Shaders/DistortAccumulateVS.usf" 326
"F:/UE4/Epic Games/4.10/Engine/Binaries/Win64/../../../Engine/Shaders/DistortApplyScreenPS.usf" 327
"F:/UE4/Epic Games/4.10/Engine/Binaries/Win64/../../../Engine/Shaders/DistanceFieldSurfaceCacheLighting.usf" 328
"F:/UE4/Epic Games/4.10/Engine/Binaries/Win64/../../../Engine/Shaders/SkyLighting.usf" 329
"F:/UE4/Epic Games/4.10/Engine/Binaries/Win64/../../../Engine/Shaders/DistanceFieldSurfaceCacheLightingCompute.usf" 330
"F:/UE4/Epic Games/4.10/Engine/Binaries/Win64/../../../Engine/Shaders/DistanceFieldShadowing.usf" 331
"F:/UE4/Epic Games/4.10/Engine/Binaries/Win64/../../../Engine/Shaders/DistanceFieldScreenGridLighting.usf" 332
"F:/UE4/Epic Games/4.10/Engine/Binaries/Win64/../../../Engine/Shaders/DistanceFieldLightingPost.usf" 333
"F:/UE4/Epic Games/4.10/Engine/Binaries/Win64/../../../Engine/Shaders/DistanceFieldGlobalIllumination.usf" 334
"F:/UE4/Epic Games/4.10/Engine/Binaries/Win64/../../../Engine/Shaders/DepthOnlyPixelShader.usf" 335
"F:/UE4/Epic Games/4.10/Engine/Binaries/Win64/../../../Engine/Shaders/DepthOnlyVertexShader.usf" 336
"F:/UE4/Epic Games/4.10/Engine/Binaries/Win64/../../../Engine/Shaders/PositionOnlyDepthVertexShader.usf" 337
"F:/UE4/Epic Games/4.10/Engine/Binaries/Win64/../../../Engine/Shaders/DownsampleDepthPixelShader.usf" 338
"F:/UE4/Epic Games/4.10/Engine/Binaries/Win64/../../../Engine/Shaders/EvaluateSurfelMaterial.usf" 339
"F:/UE4/Epic Games/4.10/Engine/Binaries/Win64/../../../Engine/Shaders/ConvertToUniformMesh.usf" 340
"F:/UE4/Epic Games/4.10/Engine/Binaries/Win64/../../../Engine/Shaders/BasePassPixelShader.usf" 341
"F:/UE4/Epic Games/4.10/Engine/Binaries/Win64/../../../Engine/Shaders/BasePassCommon.usf" 342
"F:/UE4/Epic Games/4.10/Engine/Binaries/Win64/../../../Engine/Shaders/ForEachLight.usf" 343
"F:/UE4/Epic Games/4.10/Engine/Binaries/Win64/../../../Engine/Shaders/BasePassVertexShader.usf" 344
"F:/UE4/Epic Games/4.10/Engine/Binaries/Win64/../../../Engine/Shaders/BasePassVertexCommon.usf" 345
"F:/UE4/Epic Games/4.10/Engine/Binaries/Win64/../../../Engine/Shaders/BasePassTessellationShaders.usf" 346
"F:/UE4/Epic Games/4.10/Engine/Binaries/Win64/../../../Engine/Shaders/AtmospherePrecompute.usf" 347
"F:/UE4/Epic Games/4.10/Engine/Binaries/Win64/../../../Engine/Shaders/AtmospherePrecomputeCommon.usf" 348
"F:/UE4/Epic Games/4.10/Engine/Binaries/Win64/../../../Engine/Shaders/AtmospherePrecomputeInscatter.usf" 349
"F:/UE4/Epic Games/4.10/Engine/Binaries/Win64/../../../Engine/Shaders/AtmosphericFogShader.usf" 350
"F:/UE4/Epic Games/4.10/Engine/Binaries/Win64/../../../Engine/Shaders/ResolveVertexShader.usf" 351
"F:/UE4/Epic Games/4.10/Engine/Binaries/Win64/../../../Engine/Shaders/ResolvePixelShader.usf" 352
"F:/UE4/Epic Games/4.10/Engine/Binaries/Win64/../../../Engine/Shaders/OneColorShader.usf" 353
"F:/UE4/Epic Games/4.10/Engine/Binaries/Win64/../../../Engine/Shaders/MediaShaders.usf" 354
"F:/UE4/Epic Games/4.10/Engine/Binaries/Win64/../../../Engine/Shaders/ClearReplacementShaders.usf" 355
"../../../Engine/Config/Android/AndroidEngine.ini" 356
"../../../Engine/Config/IOS/IOSEngine.ini" 357
"../../../Engine/Config/Linux/LinuxEngine.ini" 358
"C:/Users/temp/AppData/Local/UnrealEngine/4.10/DerivedDataCache/Boot.ddc" 359
"../../../Engine/DerivedDataCache/Compressed.ddp" 360
"../../../Engine/Content/EditorResources/S_Actor.uasset" 361
"E:/Documents/Coding Projects/UE4/Iron_Giant_SS 4.10/Saved/Config/Windows/GameplayTags.ini" 362
"E:/Documents/Coding Projects/UE4/Iron_Giant_SS 4.10/Intermediate/Config/CoalescedSourceConfigs/GameplayTags.ini" 363
"E:/Documents/Coding Projects/UE4/Iron_Giant_SS 4.10/Saved/Config/Windows/TemplateDefs.ini" 364
"E:/Documents/Coding Projects/UE4/Iron_Giant_SS 4.10/Intermediate/Config/CoalescedSourceConfigs/TemplateDefs.ini" 365
"../../../Engine/Content/Maps/Templates/Thumbnails/Default.uasset" 366
"../../../Engine/Content/EditorMaterials/ParticleSystems/PSysThumbnail_NoImage.uasset" 367
"../../../Engine/Content/EditorMaterials/ParticleSystems/PSysThumbnail_OOD.uasset" 368
"../../../Engine/Content/EditorLandscapeResources/DataLayer.uasset" 369
"../../../Engine/Content/EngineFonts/Roboto.uasset" 370
"../../../Engine/Content/EngineMaterials/Widget3DPassThrough_Translucent.uasset" 371
"../../../Engine/Content/EngineMaterials/Widget3DPassThrough.uasset" 372
"../../../Engine/Content/Functions/Engine_MaterialFunctions02/Texturing/ScreenAlignedUVs.uasset" 373
"../../../Engine/Content/EngineResources/WhiteSquareTexture.uasset" 374
"../../../Engine/Content/Functions/Engine_MaterialFunctions01/Shading/PowerToRoughness.uasset" 375
"../../../Engine/Content/Functions/Engine_MaterialFunctions01/Shading/ConvertFromDiffSpec.uasset" 376
"../../../Engine/Content/EngineMaterials/WorldGridMaterial.uasset" 377
"../../../Engine/Content/Functions/Engine_MaterialFunctions01/Opacity/CameraDepthFade.uasset" 378
"../../../Engine/Content/EngineMaterials/T_Default_Material_Grid_M.uasset" 379
"../../../Engine/Content/EngineMaterials/T_Default_Material_Grid_N.uasset" 380
"../../../Engine/Content/EngineMaterials/DefaultDeferredDecalMaterial.uasset" 381
"../../../Engine/Content/EngineMaterials/DefaultDiffuse.uasset" 382
"../../../Engine/Content/EngineMaterials/DefaultLightFunctionMaterial.uasset" 383
"../../../Engine/Content/EngineMaterials/DefaultPostProcessMaterial.uasset" 384
"../../../Engine/Content/Functions/Engine_MaterialFunctions02/Utility/BreakOutFloat2Components.uasset" 385
"../../../Engine/Content/EngineResources/DefaultTexture.uasset" 386
"C:/Users/temp/AppData/Local/Temp/UnrealShaderWorkingDir/72911911445CFF3AA6EC128BCC0599E8/0/WorkerOutputOnly.out" 387
"C:/Users/temp/AppData/Local/Temp/UnrealShaderWorkingDir/72911911445CFF3AA6EC128BCC0599E8/1/WorkerOutputOnly.out" 388
"C:/Users/temp/AppData/Local/Temp/UnrealShaderWorkingDir/72911911445CFF3AA6EC128BCC0599E8/2/WorkerOutputOnly.out" 389
"../../../Engine/Content/EngineMaterials/Widget3DPassThrough_Translucent_OneSided.uasset" 390
"../../../Engine/Content/EngineMaterials/Widget3DPassThrough_Opaque.uasset" 391
"../../../Engine/Content/EngineMaterials/Widget3DPassThrough_Opaque_OneSided.uasset" 392
"../../../Engine/Content/EngineMaterials/Widget3DPassThrough_Masked.uasset" 393
"../../../Engine/Content/EngineMaterials/Widget3DPassThrough_Masked_OneSided.uasset" 394
"../../../Engine/Content/EngineDamageTypes/DmgTypeBP_Environmental.uasset" 395
"..\..\..\Engine\Content\Internationalization\icudt53l\numberingSystems.res" 396
"..\..\..\Engine\Content\Internationalization\icudt53l\curr\supplementalData.res" 397
"..\..\..\Engine\Content\Internationalization\icudt53l\curr\pool.res" 398
"..\..\..\Engine\Content\Internationalization\icudt53l\curr\en.res" 399
"..\..\..\Engine\Content\Internationalization\icudt53l\curr\root.res" 400
"../../../Engine/Content/EngineMeshes/Sphere.uasset" 401
"../../../Engine/Content/EngineFonts/RobotoDistanceField.uasset" 402
"../../../Engine/Content/EngineMaterials/DefaultTextMaterialOpaque.uasset" 403
"../../../Engine/Content/EditorResources/S_Trigger.uasset" 404
"../../../Engine/Content/EngineResources/GradientTexture0.uasset" 405
"../../../Engine/Content/EngineResources/Black.uasset" 406
"../../../Engine/Content/EditorMaterials/MatineeGroups/MAT_Groups_Float.uasset" 407
"../../../Engine/Content/EditorMaterials/MatineeGroups/MAT_Groups_Director.uasset" 408
"../../../Engine/Content/EditorMaterials/MatineeGroups/MAT_Groups_Event.uasset" 409
"../../../Engine/Content/EditorMaterials/MatineeGroups/MAT_Groups_Anim.uasset" 410
"../../../Engine/Content/EditorMaterials/MatineeGroups/MAT_Groups_Fade.uasset" 411
"../../../Engine/Content/EditorMaterials/MatineeGroups/MAT_Groups_Move.uasset" 412
"../../../Engine/Content/EditorMaterials/MatineeGroups/MAT_Groups_Slomo.uasset" 413
"../../../Engine/Content/EditorMaterials/MatineeGroups/MAT_ColorTrack.uasset" 414
"../../../Engine/Content/EditorMaterials/MAT_Groups_Toggle.uasset" 415
"../../../Engine/Content/EditorMaterials/MatineeGroups/MAT_Groups_AudioMaster.uasset" 416
"../../../Engine/Content/EditorMaterials/MatineeGroups/MAT_Groups_Sound.uasset" 417
"../../../Engine/Content/EditorMaterials/MatineeGroups/MAT_Groups_Vector.uasset" 418
"../../../Engine/Content/EditorMaterials/MAT_Groups_Visibility.uasset" 419
"../../../Engine/Content/EngineResources/DefaultTextureCube.uasset" 420
"../../../Engine/Content/EngineSounds/Master.uasset" 421
"../../../Engine/Content/EngineSounds/Music.uasset" 422
"../../../Engine/Content/EngineSounds/SFX.uasset" 423
"../../../Engine/Content/EngineSounds/Normal_Attack.uasset" 424
"../../../Engine/Content/EngineSounds/Special_Attack_PSM.uasset" 425
"../../../Engine/Content/EngineSounds/Duck_Normal_Attack_MixMod.uasset" 426
"../../../Engine/Content/EngineSounds/Voice.uasset" 427
"../../../Engine/Content/EngineMeshes/Cylinder.uasset" 428
"../../../Engine/Content/EngineMaterials/DefaultMaterial.uasset" 429
"../../../Engine/Content/EngineTireTypes/DefaultTireType.uasset" 430
"../../../Engine/Content/Editor/Slate/Fonts/FontAwesome.ttf" 431
"../../../Engine/Content/Editor/Slate/Fonts/DroidSansMono.ttf" 432
"../../../Engine/Content/Editor/Slate/Fonts/Roboto-BoldCondensed.ttf" 433
"../../../Engine/Content/Editor/Slate/Fonts/Roboto-Black.ttf" 434
"../../../Engine/Content/Editor/Slate/Fonts/Roboto-Italic.ttf" 435
"../../../Engine/Content/Editor/Slate/Fonts/Roboto-BoldCondensedItalic.ttf" 436
"..\..\..\Engine\Content\Internationalization\icudt53l\coll\ucadata.icu" 437
"..\..\..\Engine\Content\Internationalization\icudt53l\nfc.nrm" 438
"..\..\..\Engine\Content\Internationalization\icudt53l\coll\en_US.res" 439
"..\..\..\Engine\Content\Internationalization\icudt53l\coll\en.res" 440
"..\..\..\Engine\Content\Internationalization\icudt53l\coll\root.res" 441
"../../../Engine/Content/EngineResources/AICON-Red.uasset" 442
"../../../Engine/Content/EngineResources/AICON-Green.uasset" 443
"../../../Engine/Content/Tutorial/Basics/LevelEditorAttract.uasset" 444
"../../../Engine/Content/Tutorial/Basics/LevelEditorOverview.uasset" 445
"../../../Engine/Content/Tutorial/Basics/TutorialAssets/icon_tab_Levels_40x.uasset" 446
"../../../Engine/Content/Tutorial/InWorldBlueprintEditing/IWBE_Tutorial.uasset" 447
"../../../Engine/Content/Tutorial/BlueprintTutorials/TutorialAssets/Blueprint_64x.uasset" 448
"../../../Engine/Content/Tutorial/Paper2D/SpriteEditorTutorial.uasset" 449
"../../../Engine/Content/Tutorial/Paper2D/TutorialAssets/Paper2DSprite_TutorialIcon.uasset" 450
"../../../Engine/Content/Tutorial/Paper2D/FlipbookEditorTutorial.uasset" 451
"../../../Engine/Content/Tutorial/Paper2D/TutorialAssets/Paper2DFlipbook_TutorialIcon.uasset" 452
"../../../Engine/Content/Tutorial/BlueprintTutorials/BlueprintEditorTutorial.uasset" 453
"../../../Engine/Content/Tutorial/ContentIntroCurve.uasset" 454
"../../../Engine/Plugins/2D/Paper2D/Content/MaskedUnlitSpriteMaterial.uasset" 455
"../../../Engine/Plugins/2D/Paper2D/Content/DefaultSpriteMaterial.uasset" 456
"../../../Engine/Plugins/2D/Paper2D/Content/PlaceholderTextures/DummySpriteTexture.uasset" 457
"../../../Engine/Plugins/2D/Paper2D/Content/OpaqueUnlitSpriteMaterial.uasset" 458
"../../../Engine/Plugins/2D/Paper2D/Content/DefaultPaperTerrainMaterial.uasset" 459
"../../../Engine/Plugins/2D/Paper2D/Content/DummySprite.uasset" 460
"../../../Engine/Plugins/2D/Paper2D/Content/DummySpriteTexture.uasset" 461
"C:/Users/temp/AppData/Local/UnrealEngine/4.10/Saved/Config/Windows/SourceControlSettings.ini" 462
"E:/Documents/Coding Projects/UE4/Iron_Giant_SS 4.10/Intermediate/Config/CoalescedSourceConfigs/SourceControlSettings.ini" 463
"E:/Documents/Coding Projects/UE4/Iron_Giant_SS 4.10/Saved/Config/Windows/SourceControlSettings.ini" 464
"../../../Engine/Plugins/Runtime/LeapMotionController/Content/LM_CapsuleMesh.uasset" 465
"../../../Engine/Plugins/Runtime/LeapMotionController/Content/LM_TorusMesh.uasset" 466
"../../../Engine/Plugins/Runtime/LeapMotionController/Content/LM_HandColor.uasset" 467
"../../../Engine/Plugins/Runtime/LeapMotionController/Content/LM_PassthroughMaterial.uasset" 468
"../../../Engine/Plugins/Runtime/LeapMotionController/Content/LM_SampleDistortion.uasset" 469
"../../../Engine/Plugins/Runtime/LeapMotionController/Content/LM_TestTexture.uasset" 470
"../../../Engine/Content/BasicShapes/Cube.uasset" 471
"../../../Engine/Content/EngineMaterials/RemoveSurfaceMaterial.uasset" 472
"../../../Engine/Content/EngineDebugMaterials/DebugMeshMaterial.uasset" 473
"../../../Engine/Content/EngineMaterials/M_InvalidLightmapSettings.uasset" 474
"../../../Engine/Content/EngineMaterials/InvalidLightmapSettings.uasset" 475
"../../../Engine/Content/EditorMaterials/GizmoMaterial.uasset" 476
"../../../Engine/Content/EngineMaterials/Good64x64TilingNoiseHighFreq.uasset" 477
"../../../Engine/Content/EngineMaterials/DefaultBokeh.uasset" 478
"../../../Engine/Content/EngineMaterials/PreintegratedSkinBRDF.uasset" 479
"../../../Engine/Content/EngineMaterials/MiniFont.uasset" 480
"../../../Engine/Content/EngineMaterials/WeightMapPlaceholderTexture.uasset" 481
"../../../Engine/Content/EngineMaterials/DefaultWhiteGrid.uasset" 482
"../../../Engine/Content/EngineMaterials/DefaultPhysicalMaterial.uasset" 483
"../../../Engine/Content/EngineFonts/RobotoTiny.uasset" 484
"E:/Documents/Coding Projects/UE4/Iron_Giant_SS 4.10/Intermediate/CachedAssetRegistry.bin" 485
"E:/Documents/Coding Projects/UE4/Iron_Giant_SS 4.10/Saved/Autosaves/Game/2DSideScrollerBP/Blueprints/2DSideScrollerCharacter_Auto1.uasset" 486
"E:/Documents/Coding Projects/UE4/Iron_Giant_SS 4.10/Saved/Autosaves/Game/2DSideScrollerBP/Blueprints/2DSideScrollerCharacter_Auto2.uasset" 487
"E:/Documents/Coding Projects/UE4/Iron_Giant_SS 4.10/Saved/Autosaves/Game/2DSideScrollerBP/Maps/2DSideScrollerExampleMap_Auto1.umap" 488
"E:/Documents/Coding Projects/UE4/Iron_Giant_SS 4.10/Saved/Autosaves/Game/2DSideScrollerBP/Maps/2DSideScrollerExampleMap_Auto3.umap" 489
"E:/Documents/Coding Projects/UE4/Iron_Giant_SS 4.10/Saved/Autosaves/Game/2DSideScrollerBP/Maps/2DSideScrollerExampleMap_Auto4.umap" 490
"../../../Engine/Config/HTML5/HTML5Engine.ini" 491
"../../../Engine/Content/MobileResources/HUD/VirtualJoystick_Thumb.uasset" 492
"E:/Documents/Coding Projects/UE4/Iron_Giant_SS 4.10/Content/2DSideScrollerBP/Blueprints/2DSideScrollerGameMode.uasset" 493
"E:/Documents/Coding Projects/UE4/Iron_Giant_SS 4.10/Content/2DSideScrollerBP/Blueprints/2DSideScrollerCharacter.uasset" 494
"../../../Engine/Content/EditorBlueprintResources/StandardMacros.uasset" 495
"E:/Documents/Coding Projects/UE4/Iron_Giant_SS 4.10/Content/2DSideScroller/Sprites/IdleAnimation.uasset" 496
"E:/Documents/Coding Projects/UE4/Iron_Giant_SS 4.10/Content/2dSideScroller/Sprites/IdleFrames/IdleCycle1.uasset" 497
"E:/Documents/Coding Projects/UE4/Iron_Giant_SS 4.10/Content/Iron_Giant_Sprites/platformer_sprites_base.uasset" 498
"E:/Documents/Coding Projects/UE4/Iron_Giant_SS 4.10/Content/2DSideScroller/Sprites/RunningAnimation.uasset" 499
"E:/Documents/Coding Projects/UE4/Iron_Giant_SS 4.10/Content/Iron_Giant_Sprites/platformer_sprites_base_Sprite_6.uasset" 500
"../../../Engine/Plugins/2D/Paper2D/Content/TranslucentUnlitSpriteMaterial.uasset" 501
"E:/Documents/Coding Projects/UE4/Iron_Giant_SS 4.10/Content/Iron_Giant_Sprites/platformer_sprites_base_Sprite_7.uasset" 502
"E:/Documents/Coding Projects/UE4/Iron_Giant_SS 4.10/Content/Iron_Giant_Sprites/platformer_sprites_base_Sprite_8.uasset" 503
"E:/Documents/Coding Projects/UE4/Iron_Giant_SS 4.10/Content/Iron_Giant_Sprites/platformer_sprites_base_Sprite_9.uasset" 504
"E:/Documents/Coding Projects/UE4/Iron_Giant_SS 4.10/Content/Iron_Giant_Sprites/IG_run_anim.uasset" 505
"C:/Users/temp/AppData/Local/UnrealEngine/Common/DerivedDataCache/2/5/9/PHYSX_1D9C17C451EA4FB88CB7A27536A65DB0_PHYSXPC_600B9C9048B1BF983041068872F53AB5__1_1_13123_0.udd" 506
"../../../Engine/Content/EditorResources/BSPVertex.uasset" 507
"../../../Engine/Content/EngineDebugMaterials/GeomMaterial.uasset" 508
"../../../Engine/Content/EngineDebugMaterials/BoneWeightMaterial.uasset" 509
"../../../Engine/Content/EngineDebugMaterials/HeatmapGradient.uasset" 510
"../../../Engine/Content/EditorMaterials/PhAT_JointLimitMaterial.uasset" 511
"../../../Engine/Content/EditorMaterials/PreviewShadowIndicatorMaterial.uasset" 512
"../../../Engine/Content/EditorMaterials/PreviewShadowIndicator.uasset" 513
"../../../Engine/Content/EngineMaterials/EditorBrushMaterial.uasset" 514
"../../../Engine/Content/EditorMeshes/ColorCalibrator/SM_ColorCalibrator.uasset" 515
"../../../Engine/Content/EditorMeshes/ColorCalibrator/M_ChromeBall.uasset" 516
"../../../Engine/Content/EditorMeshes/ColorCalibrator/M_ClearCoat.uasset" 517
"../../../Engine/Content/EditorMeshes/ColorCalibrator/M_ClearCoatBlack.uasset" 518
"../../../Engine/Content/EditorMeshes/ColorCalibrator/M_ColorGrid.uasset" 519
"../../../Engine/Content/EditorMeshes/ColorCalibrator/T_ColorGrid.uasset" 520
"../../../Engine/Content/EditorMeshes/ColorCalibrator/M_GreyBall.uasset" 521
"../../../Engine/Content/MobileResources/HUD/LeftVirtualJoystickOnly.uasset" 522
"../../../Engine/Content/MobileResources/HUD/VirtualJoystick_Background.uasset" 523
"../../../Engine/Content/Tutorial/SubEditors/TutorialAssets/icon_Editor_Preferences_General_40x.uasset" 524
"../../../Engine/Content/Tutorial/SubEditors/TutorialAssets/icon_ShowSkeletalMeshes_40x.uasset" 525
"../../../Engine/Content/Tutorial/Landscape/TutorialAssets/Landscape.uasset" 526
"../../../Engine/Content/Tutorial/Foliage/TutorialAssets/Foliage.uasset" 527
"../../../Engine/Content/Tutorial/SubEditors/StaticMeshEditorTutorial.uasset" 528
"../../../Engine/Content/EngineMeshes/Cube.uasset" 529
"../../../Engine/Content/Tutorial/BlueprintTutorials/BlueprintMacroLibrariesEditorOverview.uasset" 530
"../../../Engine/Content/Tutorial/BlueprintTutorials/TutorialAssets/BlueprintMacroLibrary_64x.uasset" 531
"../../../Engine/Content/Tutorial/BlueprintTutorials/TutorialAssets/Tutorial_BP_MacroLib.uasset" 532
"../../../Engine/Content/Tutorial/BlueprintTutorials/BlueprintInterfacesEditorOverview.uasset" 533
"../../../Engine/Content/Tutorial/BlueprintTutorials/TutorialAssets/BlueprintInterface_64x.uasset" 534
"../../../Engine/Content/Tutorial/BlueprintTutorials/TutorialAssets/Tutorial_BP_Interface.uasset" 535
"../../../Engine/Content/Tutorial/BlueprintTutorials/LevelBlueprintEditorOverview.uasset" 536
"../../../Engine/Content/Tutorial/SubEditors/DestructibleMeshEditorTutorial.uasset" 537
"../../../Engine/Content/Tutorial/SubEditors/TutorialAssets/Tutorial_DM.uasset" 538
"../../../Engine/Content/EditorMeshes/EditorCube.uasset" 539
"../../../Engine/Content/Tutorial/SubEditors/MaterialEditorTutorial.uasset" 540
"../../../Engine/Content/Tutorial/SubEditors/TutorialAssets/TutorialMaterial.uasset" 541
"../../../Engine/Content/Tutorial/SubEditors/ParticleSystemEditorTutorial.uasset" 542
"../../../Engine/Content/Tutorial/SubEditors/TutorialAssets/TutorialParticleSystem.uasset" 543
"../../../Engine/Content/Tutorial/SubEditors/TutorialAssets/M_smoke_subUV_blackbody.uasset" 544
"../../../Engine/Content/Tutorial/SubEditors/TutorialAssets/T_SmokeSubUV_8X8.uasset" 545
"../../../Engine/Content/Tutorial/SubEditors/TutorialAssets/T_soft_smoke.uasset" 546
"../../../Engine/Content/Tutorial/SubEditors/PersonaAnimEditorWalkThrough.uasset" 547
"../../../Engine/Content/Tutorial/SubEditors/TutorialAssets/Character/NewBlendSpace1D.uasset" 548
"../../../Engine/Content/Tutorial/SubEditors/TutorialAssets/Character/Tutorial_Idle.uasset" 549
"../../../Engine/Content/Tutorial/SubEditors/TutorialAssets/Character/TutorialTPP_Skeleton.uasset" 550
"../../../Engine/Content/Tutorial/SubEditors/TutorialAssets/Character/Tutorial_Walk_Fwd.uasset" 551
"../../../Engine/Content/Tutorial/SubEditors/TutorialAssets/Character/TutorialTPP.uasset" 552
"../../../Engine/Content/Tutorial/SubEditors/TutorialAssets/Character/TutorialTPP_Mat.uasset" 553
"../../../Engine/Content/Tutorial/SubEditors/TutorialAssets/Character/TutorialTPP_PhysicsAsset.uasset" 554
"../../../Engine/Content/Tutorial/SubEditors/PersonaAnimBlueprintEditorWalkthrough.uasset" 555
"../../../Engine/Content/Tutorial/SubEditors/TutorialAssets/Character/TutorialTPP_AnimBlueprint.uasset" 556
"../../../Engine/Content/Tutorial/SubEditors/TutorialAssets/Character/TutorialCharacter.uasset" 557
"../../../Engine/Content/Tutorial/Landscape/Landscape_Manage_Mode.uasset" 558
"../../../Engine/Content/Tutorial/Landscape/Landscape_Sculpt_Mode.uasset" 559
"../../../Engine/Content/Tutorial/Landscape/Landscape_Painting_Mode.uasset" 560
"../../../Engine/Content/Tutorial/Foliage/Foliage_Intro_Tutorial.uasset" 561
"../../../Engine/Content/Tutorial/Foliage/Foliage_Using_The_Tool_Tutorial.uasset" 562
"../../../Engine/Content/Tutorial/Foliage/Foliage_Settings_Tutorial.uasset" 563
"../../../Engine/Content/Tutorial/InWorldBlueprintEditing/IWBE_Tutorial_Part2.uasset" 564
"../../../Engine/Content/Tutorial/InWorldBlueprintEditing/IWBE_Tutorial_Part3.uasset" 565
"C:/Users/temp/AppData/Local/UnrealEngine/Common/DerivedDataCache/5/1/3/TEXTURE_814DCC3DC72143F49509781513CB9855_AUTODXT_AA332D2F482DD816D87CA6B4B9F10__C7917FBD80D7BAED33D2CDFF7E1022FF6680FD07.udd" 566
"../../../Engine/Content/MobileResources/HUD/MobileHUDDirectionPad2.uasset" 567
"../../../Engine/Content/MobileResources/T_MobileControls_texture.uasset" 568
"../../../Engine/Content/MobileResources/HUD/T_Castle_ThumbstickInner.uasset" 569
"../../../Engine/Content/MobileResources/HUD/MobileHUDDirectionPad3.uasset" 570
"../../../Engine/Content/MobileResources/HUD/MobileHUDDirectionPad.uasset" 571
"../../../Engine/Content/MobileResources/HUD/MobileHUDDirectionStick.uasset" 572
"../../../Engine/Content/MobileResources/HUD/MobileHUDButton2_on.uasset" 573
"../../../Engine/Content/MobileResources/T_MobileMenu2.uasset" 574
"E:/Documents/Coding Projects/UE4/Iron_Giant_SS 4.10/Content/2DSideScrollerBP/Maps/2DSideScrollerExampleMap.umap" 575
"E:/Documents/Coding Projects/UE4/Iron_Giant_SS 4.10/Content/2DSideScrollerBP/Blueprints/Ledge_25_Blueprint.uasset" 576
"E:/Documents/Coding Projects/UE4/Iron_Giant_SS 4.10/Content/2DSideScroller/Sprites/Ledge.uasset" 577
"E:/Documents/Coding Projects/UE4/Iron_Giant_SS 4.10/Content/2dSideScroller/Textures/2DBackgroundBlockAtlas.uasset" 578
"../../../Engine/Content/MapTemplates/Bokeh_5Sides.uasset" 579
"../../../Engine/Content/MapTemplates/T_ScreenDirt02_w.uasset" 580
"E:/Documents/Coding Projects/UE4/Iron_Giant_SS 4.10/Content/2DSideScroller/Sprites/Background_Sprite.uasset" 581
"E:/Documents/Coding Projects/UE4/Iron_Giant_SS 4.10/Content/2dSideScroller/Textures/2DBackground.uasset" 582
"E:/Documents/Coding Projects/UE4/Iron_Giant_SS 4.10/Content/Iron_Giant_Sprites/platform_sprite.uasset" 583
"E:/Documents/Coding Projects/UE4/Iron_Giant_SS 4.10/Content/Iron_Giant_Sprites/platform_texture.uasset" 584
"C:/Users/temp/AppData/Local/UnrealEngine/Common/DerivedDataCache/9/8/3/MATSM_984AFA3849534FAA8491540B994BD32E_GLSL_ES2_WEBGL_3857__BC5N_DEV_SL_NODBUF__3712DEE3DEE3E6DFE88C8E2150EE8CBE930919BD.udd" 585
"C:/Users/temp/AppData/Local/UnrealEngine/Common/DerivedDataCache/6/7/7/PHYSX_1D9C17C451EA4FB88CB7A27536A65DB0_PHYSXPC_CB9961C345DAAB7773689DBF61AAC84F__1_0_13123_0.udd" 586
"C:/Users/temp/AppData/Local/UnrealEngine/Common/DerivedDataCache/5/6/3/TEXTURE_814DCC3DC72143F49509781513CB9855_AUTODXT_D7B011D848F0BE98D6F8F08303DBF__12CCAFD2FC1531B74EB89F84DF21EC5E5C391CF0.udd" 587
"C:/Users/temp/AppData/Local/UnrealEngine/Common/DerivedDataCache/5/1/5/TEXTURE_814DCC3DC72143F49509781513CB9855_RGBA8_B7AD00F8477B5B2C5777A6844C0A996__0B80D842170E8BDA7FB90B9891DE24039D1E0D48.udd" 588
"../../../Engine/Content/Maps/Entry.umap" 589
"../../../Engine/Content/EngineMaterials/DefaultNormal.uasset" 590
"C:/Users/temp/AppData/Local/UnrealEngine/Common/DerivedDataCache/0/5/4/TEXTURE_814DCC3DC72143F49509781513CB9855_DXT5_122003924E39A572EF68B5BAC8A94B51__4FB9FD655323381104D65590D1F9A5B365308377.udd" 591
"../../../Engine/Content/MobileResources/HUD/T_Castle_ThumbstickOutter.uasset" 592
"../../../Engine/Content/MobileResources/HUD/MobileHUDButton2_off.uasset" 593
"../../../Engine/Content/MobileResources/HUD/MobileHUDButton1_off.uasset" 594
"../../../Engine/Content/MobileResources/HUD/MobileHUDButtonFire.uasset" 595
"../../../Engine/Content/MobileResources/HUD/DefaultVirtualJoysticks.uasset" 596
"../../../Engine/Content/MobileResources/HUD/AnalogHat.uasset" 597
"../../../Engine/Content/MobileResources/HUD/MobileHUDButton1_on.uasset" 598
"../../../Engine/Content/MobileResources/HUD/MobileHUDButton3.uasset" 599
"..\..\..\Engine\Content\Internationalization\icudt53l\windowsZones.res" 600
"..\..\..\Engine\Content\Internationalization\icudt53l\zoneinfo64.res" 601
"..\..\..\Engine\Content\Internationalization\icudt53l\keyTypeData.res" 602
"..\..\..\Engine\Content\Internationalization\icudt53l\timezoneTypes.res" 603
"..\..\..\Engine\Content\Internationalization\icudt53l\supplementalData.res" 604
"..\..\..\Engine\Content\Internationalization\icudt53l\likelySubtags.res" 605
